{"level":"info","message":"Successfully : Connected to database!"}
{"level":"info","message":"Successfully : Connected to database!"}
{"err":{"extensions":{"code":"ERROR","description":{}},"locations":[{"column":3,"line":2}],"message":"Parent Node Empty","path":["register"]},"level":"error","message":"Error: Parent Node Empty"}
{"level":"info","message":"Successfully : Connected to database!"}
{"err":{"extensions":{"code":"ERROR","description":{}},"locations":[{"column":3,"line":2}],"message":"Parent Node Empty","path":["register"]},"level":"error","message":"Error: Parent Node Empty"}
{"level":"info","message":"Successfully : Connected to database!"}
{"level":"info","message":"Successfully : Connected to database!"}
{"err":{"extensions":{"code":"ERROR","description":{"confirmPassword":"Somkid058848391@","email":"test@test.local","idCard":"1234567890123","packages":1,"parentId":"66c4b084cd538705b46a616b","password":"Somkid058848391@","tel":"0988268000","username":"test"}},"locations":[{"column":3,"line":2}],"message":"EXITING USERNAME AND EMAIL","path":["register"]},"level":"error","message":"Error: EXITING USERNAME AND EMAIL"}
{"err":{"extensions":{"code":"ERROR","description":{}},"locations":[{"column":3,"line":2}],"message":"Parent Node Empty","path":["register"]},"level":"error","message":"Error: Parent Node Empty"}
{"level":"info","message":"Successfully : Connected to database!"}
{"err":{"extensions":{"code":"ERROR","description":{}},"locations":[{"column":3,"line":2}],"message":"Parent Node Empty","path":["register"]},"level":"error","message":"Error: Parent Node Empty"}
{"level":"info","message":"Successfully : Connected to database!"}
{"level":"info","message":"Successfully : Connected to database!"}
{"level":"info","message":"Successfully : Connected to database!"}
{"err":{"extensions":{"code":"ERROR","description":{}},"locations":[{"column":3,"line":2}],"message":"ValidationError: ownerId: Owner ID is a required field","path":["register"]},"level":"error","message":"Error: ValidationError: ownerId: Owner ID is a required field"}
{"level":"info","message":"Successfully : Connected to database!"}
{"err":{"extensions":{"code":"ERROR","description":{}},"locations":[{"column":3,"line":2}],"message":"ValidationError: ownerId: Owner ID is a required field","path":["register"]},"level":"error","message":"Error: ValidationError: ownerId: Owner ID is a required field"}
{"level":"info","message":"Successfully : Connected to database!"}
{"level":"info","message":"Successfully : Connected to database!"}
{"err":{"extensions":{"code":"ERROR","description":{}},"locations":[{"column":3,"line":2}],"message":"ValidationError: ownerId: Owner ID is a required field","path":["register"]},"level":"error","message":"Error: ValidationError: ownerId: Owner ID is a required field"}
{"level":"info","message":"Successfully : Connected to database!"}
{"err":{"extensions":{"code":"ERROR","description":{}},"locations":[{"column":3,"line":2}],"message":"ValidationError: ownerId: Owner ID is a required field","path":["register"]},"level":"error","message":"Error: ValidationError: ownerId: Owner ID is a required field"}
{"level":"info","message":"Successfully : Connected to database!"}
{"level":"info","message":"Successfully : Connected to database!"}
{"err":{"extensions":{"code":"ERROR","description":{}},"locations":[{"column":3,"line":2}],"message":"ValidationError: ownerId: Owner ID is a required field","path":["register"]},"level":"error","message":"Error: ValidationError: ownerId: Owner ID is a required field"}
{"err":{"extensions":{"code":"ERROR","description":{}},"locations":[{"column":3,"line":2}],"message":"ValidationError: ownerId: Owner ID is a required field","path":["register"]},"level":"error","message":"Error: ValidationError: ownerId: Owner ID is a required field"}
{"level":"info","message":"Successfully : Connected to database!"}
{"err":{"extensions":{"code":"ERROR","description":{}},"locations":[{"column":3,"line":2}],"message":"ValidationError: ownerId: Owner ID is a required field","path":["register"]},"level":"error","message":"Error: ValidationError: ownerId: Owner ID is a required field"}
{"level":"info","message":"Successfully : Connected to database!"}
{"err":{"extensions":{"code":"ERROR","description":{}},"locations":[{"column":3,"line":2}],"message":"ValidationError: ownerId: Owner ID is a required field","path":["register"]},"level":"error","message":"Error: ValidationError: ownerId: Owner ID is a required field"}
{"level":"info","message":"Successfully : Connected to database!"}
{"err":{"extensions":{"code":"ERROR","description":{}},"locations":[{"column":3,"line":2}],"message":"ValidationError: ownerId: Owner ID is a required field","path":["register"]},"level":"error","message":"Error: ValidationError: ownerId: Owner ID is a required field"}
{"level":"info","message":"Successfully : Connected to database!"}
{"err":{"extensions":{"code":"ERROR","description":{}},"locations":[{"column":3,"line":2}],"message":"ValidationError: ownerId: Owner ID is a required field","path":["register"]},"level":"error","message":"Error: ValidationError: ownerId: Owner ID is a required field"}
{"level":"info","message":"Successfully : Connected to database!"}
{"level":"info","message":"Successfully : Connected to database!"}
{"level":"info","message":"Successfully : Connected to database!"}
{"level":"info","message":"Successfully : Connected to database!"}
{"level":"info","message":"Successfully : Connected to database!"}
{"level":"info","message":"Successfully : Connected to database!"}
{"level":"info","message":"Successfully : Connected to database!"}
{"level":"info","message":"Successfully : Connected to database!"}
{"level":"info","message":"Successfully : Connected to database!"}
{"level":"info","message":"Successfully : Connected to database!"}
{"level":"info","message":"Successfully : Connected to database!"}
{"level":"info","message":"Successfully : Connected to database!"}
{"level":"info","message":"Successfully : Connected to database!"}
{"level":"info","message":"Successfully : Connected to database!"}
{"level":"info","message":"Successfully : Connected to database!"}
{"level":"info","message":"Successfully : Connected to database!"}
{"level":"info","message":"Successfully : Connected to database!"}
{"level":"info","message":"Successfully : Connected to database!"}
{"level":"info","message":"Successfully : Connected to database!"}
{"level":"info","message":"Successfully : Connected to database!"}
{"level":"info","message":"Successfully : Connected to database!"}
{"level":"info","message":"Successfully : Connected to database!"}
{"level":"info","message":"Successfully : Connected to database!"}
{"level":"info","message":"Successfully : Connected to database!"}
{"err":{"extensions":{"code":"ERROR","description":{}},"locations":[{"column":3,"line":2}],"message":"Node find failed, returned undefined.","path":["register"]},"level":"error","message":"Error: Node find failed, returned undefined."}
{"level":"info","message":"Successfully : Connected to database!"}
{"level":"info","message":"Successfully : Connected to database!"}
{"level":"info","message":"Successfully : Connected to database!"}
{"level":"info","message":"Successfully : Connected to database!"}
{"level":"info","message":"Successfully : Connected to database!"}
{"err":{"extensions":{"code":"GRAPHQL_VALIDATION_FAILED","http":{"headers":{},"status":400}},"locations":[{"column":13,"line":1},{"column":22,"line":2}],"message":"Variable \"$id\" of type \"ID\" used in position expecting type \"ID!\"."},"level":"error","message":"Error: Variable \"$id\" of type \"ID\" used in position expecting type \"ID!\"."}
{"err":{"extensions":{"code":"GRAPHQL_VALIDATION_FAILED","http":{"headers":{},"status":400}},"locations":[{"column":22,"line":1},{"column":37,"line":2}],"message":"Variable \"$packages\" of type \"Int\" used in position expecting type \"Int!\"."},"level":"error","message":"Error: Variable \"$packages\" of type \"Int\" used in position expecting type \"Int!\"."}
{"level":"info","message":"Successfully : Connected to database!"}
{"level":"info","message":"Successfully : Connected to database!"}
{"err":{"extensions":{"code":"GRAPHQL_VALIDATION_FAILED","http":{"headers":{},"status":400}},"locations":[{"column":13,"line":1},{"column":22,"line":2}],"message":"Variable \"$id\" of type \"ID\" used in position expecting type \"String!\"."},"level":"error","message":"Error: Variable \"$id\" of type \"ID\" used in position expecting type \"String!\"."}
{"err":{"extensions":{"code":"GRAPHQL_VALIDATION_FAILED","http":{"headers":{},"status":400}},"locations":[{"column":22,"line":1},{"column":37,"line":2}],"message":"Variable \"$packages\" of type \"Int\" used in position expecting type \"Int!\"."},"level":"error","message":"Error: Variable \"$packages\" of type \"Int\" used in position expecting type \"Int!\"."}
{"err":{"extensions":{"code":"GRAPHQL_VALIDATION_FAILED","http":{"headers":{},"status":400}},"locations":[{"column":38,"line":1},{"column":57,"line":2}],"message":"Variable \"$ownerId\" of type \"ID!\" used in position expecting type \"String!\"."},"level":"error","message":"Error: Variable \"$ownerId\" of type \"ID!\" used in position expecting type \"String!\"."}
{"level":"info","message":"Successfully : Connected to database!"}
{"err":{"locations":[{"column":3,"line":2}],"message":"retun is not defined","path":["test_add_node"]},"level":"error","message":"Error: retun is not defined"}
{"level":"info","message":"Successfully : Connected to database!"}
{"err":{"locations":[{"column":3,"line":2}],"message":"input is not defined","path":["test_add_node"]},"level":"error","message":"Error: input is not defined"}
{"level":"info","message":"Successfully : Connected to database!"}
{"level":"info","message":"Successfully : Connected to database!"}
{"level":"info","message":"Successfully : Connected to database!"}
{"level":"info","message":"Successfully : Connected to database!"}
{"level":"info","message":"Successfully : Connected to database!"}
{"level":"info","message":"Successfully : Connected to database!"}
{"level":"info","message":"Successfully : Connected to database!"}
{"level":"info","message":"Successfully : Connected to database!"}
{"level":"info","message":"Successfully : Connected to database!"}
{"err":{"locations":[{"column":3,"line":2}],"message":"Cannot read properties of undefined (reading '_id')","path":["test_fetch_node"]},"level":"error","message":"Error: Cannot read properties of undefined (reading '_id')"}
{"err":{"locations":[{"column":3,"line":2}],"message":"Cannot read properties of undefined (reading '_id')","path":["test_fetch_node"]},"level":"error","message":"Error: Cannot read properties of undefined (reading '_id')"}
{"err":{"locations":[{"column":3,"line":2}],"message":"Cannot read properties of undefined (reading '_id')","path":["test_fetch_node"]},"level":"error","message":"Error: Cannot read properties of undefined (reading '_id')"}
{"err":{"locations":[{"column":3,"line":2}],"message":"Cannot read properties of undefined (reading '_id')","path":["test_fetch_node"]},"level":"error","message":"Error: Cannot read properties of undefined (reading '_id')"}
{"err":{"locations":[{"column":3,"line":2}],"message":"Cannot read properties of undefined (reading '_id')","path":["test_fetch_node"]},"level":"error","message":"Error: Cannot read properties of undefined (reading '_id')"}
{"err":{"locations":[{"column":3,"line":2}],"message":"Cannot read properties of undefined (reading '_id')","path":["test_fetch_node"]},"level":"error","message":"Error: Cannot read properties of undefined (reading '_id')"}
{"level":"info","message":"Successfully : Connected to database!"}
{"level":"info","message":"Successfully : Connected to database!"}
{"level":"info","message":"Successfully : Connected to database!"}
{"level":"info","message":"Successfully : Connected to database!"}
{"level":"info","message":"Successfully : Connected to database!"}
{"level":"info","message":"Successfully : Connected to database!"}
{"level":"info","message":"Successfully : Connected to database!"}
{"level":"info","message":"Successfully : Connected to database!"}
{"level":"info","message":"Successfully : Connected to database!"}
{"level":"info","message":"Successfully : Connected to database!"}
{"level":"info","message":"Successfully : Connected to database!"}
{"level":"info","message":"Successfully : Connected to database!"}
{"level":"info","message":"Successfully : Connected to database!"}
{"level":"info","message":"Successfully : Connected to database!"}
{"level":"info","message":"Successfully : Connected to database!"}
{"level":"info","message":"Successfully : Connected to database!"}
{"level":"info","message":"Successfully : Connected to database!"}
{"level":"info","message":"Successfully : Connected to database!"}
{"level":"info","message":"Successfully : Connected to database!"}
{"err":{"locations":[{"column":3,"line":2}],"message":"Cannot read properties of undefined (reading '_id')","path":["test_fetch_node"]},"level":"error","message":"Error: Cannot read properties of undefined (reading '_id')"}
{"err":{"locations":[{"column":3,"line":2}],"message":"session.inTransaction is not a function","path":["test_add_node"]},"level":"error","message":"Error: session.inTransaction is not a function"}
{"err":{"locations":[{"column":3,"line":2}],"message":"Cannot read properties of undefined (reading '_id')","path":["test_fetch_node"]},"level":"error","message":"Error: Cannot read properties of undefined (reading '_id')"}
{"err":{"locations":[{"column":3,"line":2}],"message":"Cannot read properties of undefined (reading '_id')","path":["test_fetch_node"]},"level":"error","message":"Error: Cannot read properties of undefined (reading '_id')"}
{"level":"info","message":"Successfully : Connected to database!"}
{"level":"info","message":"Successfully : Connected to database!"}
{"level":"info","message":"Successfully : Connected to database!"}
{"err":{"locations":[{"column":3,"line":2}],"message":"Cannot call abortTransaction after calling commitTransaction","path":["test_add_node"]},"level":"error","message":"Error: Cannot call abortTransaction after calling commitTransaction"}
{"level":"info","message":"Successfully : Connected to database!"}
{"level":"info","message":"Successfully : Connected to database!"}
{"level":"info","message":"Successfully : Connected to database!"}
{"level":"info","message":"Successfully : Connected to database!"}
{"level":"info","message":"Successfully : Connected to database!"}
{"level":"info","message":"Successfully : Connected to database!"}
{"level":"info","message":"Successfully : Connected to database!"}
{"level":"info","message":"Successfully : Connected to database!"}
{"level":"info","message":"Successfully : Connected to database!"}
{"level":"info","message":"Successfully : Connected to database!"}
{"level":"info","message":"Successfully : Connected to database!"}
{"level":"info","message":"Successfully : Connected to database!"}
{"level":"info","message":"Successfully : Connected to database!"}
{"level":"info","message":"Successfully : Connected to database!"}
{"level":"info","message":"Successfully : Connected to database!"}
{"level":"info","message":"Successfully : Connected to database!"}
{"err":{"locations":[{"column":3,"line":2}],"message":"Cannot read properties of undefined (reading '_id')","path":["test_fetch_node"]},"level":"error","message":"Error: Cannot read properties of undefined (reading '_id')"}
{"level":"info","message":"Successfully : Connected to database!"}
{"level":"info","message":"Successfully : Connected to database!"}
{"level":"info","message":"Successfully : Connected to database!"}
{"level":"info","message":"Successfully : Connected to database!"}
{"err":{"extensions":{"code":"ERROR","description":{}},"locations":[{"column":3,"line":2}],"message":"Error: parentId is undefined","path":["test_add_node"]},"level":"error","message":"Error: Error: parentId is undefined"}
{"level":"info","message":"Successfully : Connected to database!"}
{"err":{"extensions":{"code":"ERROR","description":{}},"locations":[{"column":3,"line":2}],"message":"Error: parentId is undefined","path":["test_add_node"]},"level":"error","message":"Error: Error: parentId is undefined"}
{"level":"info","message":"Successfully : Connected to database!"}
{"err":{"extensions":{"code":"ERROR","description":{}},"locations":[{"column":3,"line":2}],"message":"Error: parentId is undefined","path":["test_add_node"]},"level":"error","message":"Error: Error: parentId is undefined"}
{"level":"info","message":"Successfully : Connected to database!"}
{"level":"info","message":"Successfully : Connected to database!"}
{"err":{"extensions":{"code":"ERROR","description":{}},"locations":[{"column":3,"line":2}],"message":"Error: parentId is undefined @@ ","path":["test_add_node"]},"level":"error","message":"Error: Error: parentId is undefined @@ "}
{"level":"info","message":"Successfully : Connected to database!"}
{"err":{"extensions":{"code":"ERROR","description":{}},"locations":[{"column":3,"line":2}],"message":"Error: parentId is undefined @@ ","path":["test_add_node"]},"level":"error","message":"Error: Error: parentId is undefined @@ "}
{"level":"info","message":"Successfully : Connected to database!"}
{"level":"info","message":"Successfully : Connected to database!"}
{"level":"info","message":"Successfully : Connected to database!"}
{"err":{"locations":[{"column":3,"line":2}],"message":"Cannot read properties of undefined (reading '_id')","path":["test_fetch_node"]},"level":"error","message":"Error: Cannot read properties of undefined (reading '_id')"}
{"err":{"extensions":{"code":"ERROR","description":{}},"locations":[{"column":3,"line":2}],"message":"Error: No space available to add a new child.","path":["test_add_node"]},"level":"error","message":"Error: Error: No space available to add a new child."}
{"err":{"locations":[{"column":3,"line":2}],"message":"Cannot read properties of undefined (reading '_id')","path":["test_fetch_node"]},"level":"error","message":"Error: Cannot read properties of undefined (reading '_id')"}
{"level":"info","message":"Successfully : Connected to database!"}
{"err":{"extensions":{"code":"ERROR","description":{}},"locations":[{"column":3,"line":2}],"message":"Error: No space available to add a new child.","path":["test_add_node"]},"level":"error","message":"Error: Error: No space available to add a new child."}
{"level":"info","message":"Successfully : Connected to database!"}
{"err":{"extensions":{"code":"ERROR","description":{}},"locations":[{"column":3,"line":2}],"message":"Error: No space available to add a new child.","path":["test_add_node"]},"level":"error","message":"Error: Error: No space available to add a new child."}
{"level":"info","message":"Successfully : Connected to database!"}
{"err":{"extensions":{"code":"ERROR","description":{}},"locations":[{"column":3,"line":2}],"message":"Error: No space available to add a new child.","path":["test_add_node"]},"level":"error","message":"Error: Error: No space available to add a new child."}
{"level":"info","message":"Successfully : Connected to database!"}
{"err":{"extensions":{"code":"ERROR","description":{}},"locations":[{"column":3,"line":2}],"message":"Error: No space available to add a new child @1.","path":["test_add_node"]},"level":"error","message":"Error: Error: No space available to add a new child @1."}
{"level":"info","message":"Successfully : Connected to database!"}
{"level":"info","message":"Successfully : Connected to database!"}
{"err":{"extensions":{"code":"ERROR","description":{}},"locations":[{"column":3,"line":2}],"message":"Error: No space available to add a new child @1.","path":["test_add_node"]},"level":"error","message":"Error: Error: No space available to add a new child @1."}
{"level":"info","message":"Successfully : Connected to database!"}
{"err":{"extensions":{"code":"ERROR","description":{}},"locations":[{"column":3,"line":2}],"message":"Error: No space available to add a new child @1. length : 343, level :2","path":["test_add_node"]},"level":"error","message":"Error: Error: No space available to add a new child @1. length : 343, level :2"}
{"level":"info","message":"Successfully : Connected to database!"}
{"level":"info","message":"Successfully : Connected to database!"}
{"level":"info","message":"Successfully : Connected to database!"}
{"err":{"extensions":{"code":"ERROR","description":{}},"locations":[{"column":3,"line":2}],"message":"MongoError: Transaction with { txnNumber: 1 } has been aborted.","path":["test_add_node"]},"level":"error","message":"Error: MongoError: Transaction with { txnNumber: 1 } has been aborted."}
{"level":"info","message":"Successfully : Connected to database!"}
{"err":{"extensions":{"code":"ERROR","description":{}},"locations":[{"column":3,"line":2}],"message":"Error: No space available to add a new child.","path":["test_add_node"]},"level":"error","message":"Error: Error: No space available to add a new child."}
{"level":"info","message":"Successfully : Connected to database!"}
{"err":{"extensions":{"code":"ERROR","description":{}},"locations":[{"column":3,"line":2}],"message":"Error: No space available to add a new child.","path":["test_add_node"]},"level":"error","message":"Error: Error: No space available to add a new child."}
{"level":"info","message":"Successfully : Connected to database!"}
{"err":{"extensions":{"code":"ERROR","description":{}},"locations":[{"column":3,"line":2}],"message":"Error: Argument passed in must be a single String of 12 bytes or a string of 24 hex characters","path":["test_add_node"]},"level":"error","message":"Error: Error: Argument passed in must be a single String of 12 bytes or a string of 24 hex characters"}
{"level":"info","message":"Successfully : Connected to database!"}
{"err":{"extensions":{"code":"ERROR","description":{}},"locations":[{"column":3,"line":2}],"message":"Error: Argument passed in must be a single String of 12 bytes or a string of 24 hex characters","path":["test_add_node"]},"level":"error","message":"Error: Error: Argument passed in must be a single String of 12 bytes or a string of 24 hex characters"}
{"level":"info","message":"Successfully : Connected to database!"}
{"err":{"extensions":{"code":"ERROR","description":{}},"locations":[{"column":3,"line":2}],"message":"TypeError: Cannot read properties of undefined (reading '0')","path":["test_add_node"]},"level":"error","message":"Error: TypeError: Cannot read properties of undefined (reading '0')"}
{"level":"info","message":"Successfully : Connected to database!"}
{"err":{"extensions":{"code":"ERROR","description":{}},"locations":[{"column":3,"line":2}],"message":"MongoError: Transaction with { txnNumber: 2 } has been aborted.","path":["test_add_node"]},"level":"error","message":"Error: MongoError: Transaction with { txnNumber: 2 } has been aborted."}
{"level":"info","message":"Successfully : Connected to database!"}
{"level":"info","message":"Successfully : Connected to database!"}
{"err":{"extensions":{"code":"ERROR","description":{}},"locations":[{"column":3,"line":2}],"message":"CastError: Cast to ObjectId failed for value \"{\n  parentNodeId: {\n    '$in': [\n      66cc66940fb5971a5058bbac,\n      66cc66940fb5971a5058bbaf,\n      66cc66940fb5971a5058bbb2,\n      66cc66940fb5971a5058bbb5,\n      66cc66940fb5971a5058bbb8,\n      66cc66940fb5971a5058bbbb,\n      66cc66940fb5971a5058bbbe\n    ]\n  }\n}\" (type Object) at path \"parentNodeId\" for model \"node\"","path":["test_add_node"]},"level":"error","message":"Error: CastError: Cast to ObjectId failed for value \"{\n  parentNodeId: {\n    '$in': [\n      66cc66940fb5971a5058bbac,\n      66cc66940fb5971a5058bbaf,\n      66cc66940fb5971a5058bbb2,\n      66cc66940fb5971a5058bbb5,\n      66cc66940fb5971a5058bbb8,\n      66cc66940fb5971a5058bbbb,\n      66cc66940fb5971a5058bbbe\n    ]\n  }\n}\" (type Object) at path \"parentNodeId\" for model \"node\""}
{"level":"info","message":"Successfully : Connected to database!"}
{"err":{"extensions":{"code":"ERROR","description":{}},"locations":[{"column":3,"line":2}],"message":"TypeError: Cannot read properties of undefined (reading '0')","path":["test_add_node"]},"level":"error","message":"Error: TypeError: Cannot read properties of undefined (reading '0')"}
{"level":"info","message":"Successfully : Connected to database!"}
{"err":{"extensions":{"code":"ERROR","description":{}},"locations":[{"column":3,"line":2}],"message":"CastError: Cast to ObjectId failed for value \"{\n  parentNodeId: {\n    '$in': [\n      66cc67c47956c11aaedb66e1,\n      66cc67c47956c11aaedb66e4,\n      66cc67c47956c11aaedb66e7,\n      66cc67c47956c11aaedb66ea,\n      66cc67c47956c11aaedb66ed,\n      66cc67c47956c11aaedb66f0,\n      66cc67c47956c11aaedb66f3\n    ]\n  }\n}\" (type Object) at path \"parentNodeId\" for model \"node\"","path":["test_add_node"]},"level":"error","message":"Error: CastError: Cast to ObjectId failed for value \"{\n  parentNodeId: {\n    '$in': [\n      66cc67c47956c11aaedb66e1,\n      66cc67c47956c11aaedb66e4,\n      66cc67c47956c11aaedb66e7,\n      66cc67c47956c11aaedb66ea,\n      66cc67c47956c11aaedb66ed,\n      66cc67c47956c11aaedb66f0,\n      66cc67c47956c11aaedb66f3\n    ]\n  }\n}\" (type Object) at path \"parentNodeId\" for model \"node\""}
{"level":"info","message":"Successfully : Connected to database!"}
{"err":{"extensions":{"code":"ERROR","description":{}},"locations":[{"column":3,"line":2}],"message":"TypeError: Cannot read properties of undefined (reading '0')","path":["test_add_node"]},"level":"error","message":"Error: TypeError: Cannot read properties of undefined (reading '0')"}
{"level":"info","message":"Successfully : Connected to database!"}
{"err":{"extensions":{"code":"ERROR","description":{}},"locations":[{"column":3,"line":2}],"message":"MongoError: Transaction with { txnNumber: 1 } has been aborted.","path":["test_add_node"]},"level":"error","message":"Error: MongoError: Transaction with { txnNumber: 1 } has been aborted."}
{"level":"info","message":"Successfully : Connected to database!"}
{"level":"info","message":"Successfully : Connected to database!"}
{"level":"info","message":"Successfully : Connected to database!"}
{"level":"info","message":"Successfully : Connected to database!"}
{"level":"info","message":"Successfully : Connected to database!"}
{"level":"info","message":"Successfully : Connected to database!"}
{"level":"info","message":"Successfully : Connected to database!"}
{"level":"info","message":"Successfully : Connected to database!"}
{"level":"info","message":"Successfully : Connected to database!"}
{"level":"info","message":"Successfully : Connected to database!"}
{"err":{"locations":[{"column":3,"line":2}],"message":"Cannot read properties of undefined (reading '_id')","path":["test_fetch_node"]},"level":"error","message":"Error: Cannot read properties of undefined (reading '_id')"}
{"level":"info","message":"Successfully : Connected to database!"}
{"level":"info","message":"Successfully : Connected to database!"}
{"level":"info","message":"Successfully : Connected to database!"}
{"level":"info","message":"Successfully : Connected to database!"}
{"level":"info","message":"Successfully : Connected to database!"}
{"level":"info","message":"Successfully : Connected to database!"}
{"level":"info","message":"Successfully : Connected to database!"}
{"err":{"extensions":{"code":"FORCE_LOGOUT","description":{"accept":"*/*","accept-encoding":"gzip, deflate, br, zstd","accept-language":"en,th;q=0.9","apollo-require-preflight":"true","authorization":"Bearer U2FsdGVkX1+j+DAuWR6vPemgxrTZuwdBTpyOcZR5llruFSx/m0fcKBsHRCnIqjSP","connection":"keep-alive","content-length":"82","content-type":"application/json","custom-authorization":"Bearer U2FsdGVkX1+j+DAuWR6vPemgxrTZuwdBTpyOcZR5llruFSx/m0fcKBsHRCnIqjSP","custom-location":"{\"pathname\":\"/administrator/userlist\",\"search\":\"\",\"hash\":\"\",\"state\":null,\"key\":\"ppfdf1mt\"}","custom-x":"--1-- U2FsdGVkX1+j+DAuWR6vPemgxrTZuwdBTpyOcZR5llruFSx/m0fcKBsHRCnIqjSP","extensions":{"code":"FORCE_LOGOUT","description":{"accept":"*/*","accept-encoding":"gzip, deflate, br, zstd","accept-language":"en,th;q=0.9","apollo-require-preflight":"true","authorization":"Bearer U2FsdGVkX1+j+DAuWR6vPemgxrTZuwdBTpyOcZR5llruFSx/m0fcKBsHRCnIqjSP","connection":"keep-alive","content-length":"82","content-type":"application/json","custom-authorization":"Bearer U2FsdGVkX1+j+DAuWR6vPemgxrTZuwdBTpyOcZR5llruFSx/m0fcKBsHRCnIqjSP","custom-location":"{\"pathname\":\"/administrator/userlist\",\"search\":\"\",\"hash\":\"\",\"state\":null,\"key\":\"ppfdf1mt\"}","custom-x":"--1-- U2FsdGVkX1+j+DAuWR6vPemgxrTZuwdBTpyOcZR5llruFSx/m0fcKBsHRCnIqjSP","host":"localhost:1984","origin":"http://localhost:5173","referer":"http://localhost:5173/","sec-ch-ua":"\"Not)A;Brand\";v=\"99\", \"Google Chrome\";v=\"127\", \"Chromium\";v=\"127\"","sec-ch-ua-mobile":"?0","sec-ch-ua-platform":"\"macOS\"","sec-fetch-dest":"empty","sec-fetch-mode":"cors","sec-fetch-site":"same-site","user-agent":"Mozilla/5.0 (Macintosh; Intel Mac OS X 10_15_7) AppleWebKit/537.36 (KHTML, like Gecko) Chrome/127.0.0.0 Safari/537.36"}},"host":"localhost:1984","origin":"http://localhost:5173","referer":"http://localhost:5173/","sec-ch-ua":"\"Not)A;Brand\";v=\"99\", \"Google Chrome\";v=\"127\", \"Chromium\";v=\"127\"","sec-ch-ua-mobile":"?0","sec-ch-ua-platform":"\"macOS\"","sec-fetch-dest":"empty","sec-fetch-mode":"cors","sec-fetch-site":"same-site","user-agent":"Mozilla/5.0 (Macintosh; Intel Mac OS X 10_15_7) AppleWebKit/537.36 (KHTML, like Gecko) Chrome/127.0.0.0 Safari/537.36"}},"locations":[{"column":3,"line":2}],"message":"Expired!","path":["members"]},"level":"error","message":"Error: Expired!"}
{"err":{"extensions":{"code":"FORCE_LOGOUT","description":{"accept":"*/*","accept-encoding":"gzip, deflate, br, zstd","accept-language":"en,th;q=0.9","apollo-require-preflight":"true","authorization":"Bearer U2FsdGVkX1+j+DAuWR6vPemgxrTZuwdBTpyOcZR5llruFSx/m0fcKBsHRCnIqjSP","connection":"keep-alive","content-length":"82","content-type":"application/json","custom-authorization":"Bearer U2FsdGVkX1+j+DAuWR6vPemgxrTZuwdBTpyOcZR5llruFSx/m0fcKBsHRCnIqjSP","custom-location":"{\"pathname\":\"/administrator/userlist\",\"search\":\"\",\"hash\":\"\",\"state\":null,\"key\":\"ppfdf1mt\"}","custom-x":"--1-- U2FsdGVkX1+j+DAuWR6vPemgxrTZuwdBTpyOcZR5llruFSx/m0fcKBsHRCnIqjSP","extensions":{"code":"FORCE_LOGOUT","description":{"accept":"*/*","accept-encoding":"gzip, deflate, br, zstd","accept-language":"en,th;q=0.9","apollo-require-preflight":"true","authorization":"Bearer U2FsdGVkX1+j+DAuWR6vPemgxrTZuwdBTpyOcZR5llruFSx/m0fcKBsHRCnIqjSP","connection":"keep-alive","content-length":"82","content-type":"application/json","custom-authorization":"Bearer U2FsdGVkX1+j+DAuWR6vPemgxrTZuwdBTpyOcZR5llruFSx/m0fcKBsHRCnIqjSP","custom-location":"{\"pathname\":\"/administrator/userlist\",\"search\":\"\",\"hash\":\"\",\"state\":null,\"key\":\"ppfdf1mt\"}","custom-x":"--1-- U2FsdGVkX1+j+DAuWR6vPemgxrTZuwdBTpyOcZR5llruFSx/m0fcKBsHRCnIqjSP","host":"localhost:1984","origin":"http://localhost:5173","referer":"http://localhost:5173/","sec-ch-ua":"\"Not)A;Brand\";v=\"99\", \"Google Chrome\";v=\"127\", \"Chromium\";v=\"127\"","sec-ch-ua-mobile":"?0","sec-ch-ua-platform":"\"macOS\"","sec-fetch-dest":"empty","sec-fetch-mode":"cors","sec-fetch-site":"same-site","user-agent":"Mozilla/5.0 (Macintosh; Intel Mac OS X 10_15_7) AppleWebKit/537.36 (KHTML, like Gecko) Chrome/127.0.0.0 Safari/537.36"}},"host":"localhost:1984","origin":"http://localhost:5173","referer":"http://localhost:5173/","sec-ch-ua":"\"Not)A;Brand\";v=\"99\", \"Google Chrome\";v=\"127\", \"Chromium\";v=\"127\"","sec-ch-ua-mobile":"?0","sec-ch-ua-platform":"\"macOS\"","sec-fetch-dest":"empty","sec-fetch-mode":"cors","sec-fetch-site":"same-site","user-agent":"Mozilla/5.0 (Macintosh; Intel Mac OS X 10_15_7) AppleWebKit/537.36 (KHTML, like Gecko) Chrome/127.0.0.0 Safari/537.36"}},"locations":[{"column":3,"line":2}],"message":"Expired!","path":["members"]},"level":"error","message":"Error: Expired!"}
{"err":{"extensions":{"code":"FORCE_LOGOUT","description":{"accept":"*/*","accept-encoding":"gzip, deflate, br, zstd","accept-language":"en,th;q=0.9","apollo-require-preflight":"true","authorization":"Bearer U2FsdGVkX1+j+DAuWR6vPemgxrTZuwdBTpyOcZR5llruFSx/m0fcKBsHRCnIqjSP","connection":"keep-alive","content-length":"82","content-type":"application/json","custom-authorization":"Bearer U2FsdGVkX1+j+DAuWR6vPemgxrTZuwdBTpyOcZR5llruFSx/m0fcKBsHRCnIqjSP","custom-location":"{\"pathname\":\"/administrator/userlist\",\"search\":\"\",\"hash\":\"\",\"state\":null,\"key\":\"yrcgv8t3\"}","custom-x":"--1-- U2FsdGVkX1+j+DAuWR6vPemgxrTZuwdBTpyOcZR5llruFSx/m0fcKBsHRCnIqjSP","extensions":{"code":"FORCE_LOGOUT","description":{"accept":"*/*","accept-encoding":"gzip, deflate, br, zstd","accept-language":"en,th;q=0.9","apollo-require-preflight":"true","authorization":"Bearer U2FsdGVkX1+j+DAuWR6vPemgxrTZuwdBTpyOcZR5llruFSx/m0fcKBsHRCnIqjSP","connection":"keep-alive","content-length":"82","content-type":"application/json","custom-authorization":"Bearer U2FsdGVkX1+j+DAuWR6vPemgxrTZuwdBTpyOcZR5llruFSx/m0fcKBsHRCnIqjSP","custom-location":"{\"pathname\":\"/administrator/userlist\",\"search\":\"\",\"hash\":\"\",\"state\":null,\"key\":\"yrcgv8t3\"}","custom-x":"--1-- U2FsdGVkX1+j+DAuWR6vPemgxrTZuwdBTpyOcZR5llruFSx/m0fcKBsHRCnIqjSP","host":"localhost:1984","origin":"http://localhost:5173","referer":"http://localhost:5173/","sec-ch-ua":"\"Not)A;Brand\";v=\"99\", \"Google Chrome\";v=\"127\", \"Chromium\";v=\"127\"","sec-ch-ua-mobile":"?0","sec-ch-ua-platform":"\"macOS\"","sec-fetch-dest":"empty","sec-fetch-mode":"cors","sec-fetch-site":"same-site","user-agent":"Mozilla/5.0 (Macintosh; Intel Mac OS X 10_15_7) AppleWebKit/537.36 (KHTML, like Gecko) Chrome/127.0.0.0 Safari/537.36"}},"host":"localhost:1984","origin":"http://localhost:5173","referer":"http://localhost:5173/","sec-ch-ua":"\"Not)A;Brand\";v=\"99\", \"Google Chrome\";v=\"127\", \"Chromium\";v=\"127\"","sec-ch-ua-mobile":"?0","sec-ch-ua-platform":"\"macOS\"","sec-fetch-dest":"empty","sec-fetch-mode":"cors","sec-fetch-site":"same-site","user-agent":"Mozilla/5.0 (Macintosh; Intel Mac OS X 10_15_7) AppleWebKit/537.36 (KHTML, like Gecko) Chrome/127.0.0.0 Safari/537.36"}},"locations":[{"column":3,"line":2}],"message":"Expired!","path":["members"]},"level":"error","message":"Error: Expired!"}
{"err":{"extensions":{"code":"FORCE_LOGOUT","description":{"accept":"*/*","accept-encoding":"gzip, deflate, br, zstd","accept-language":"en,th;q=0.9","apollo-require-preflight":"true","authorization":"Bearer U2FsdGVkX1+j+DAuWR6vPemgxrTZuwdBTpyOcZR5llruFSx/m0fcKBsHRCnIqjSP","connection":"keep-alive","content-length":"82","content-type":"application/json","custom-authorization":"Bearer U2FsdGVkX1+j+DAuWR6vPemgxrTZuwdBTpyOcZR5llruFSx/m0fcKBsHRCnIqjSP","custom-location":"{\"pathname\":\"/administrator/userlist\",\"search\":\"\",\"hash\":\"\",\"state\":null,\"key\":\"1cxtd7hp\"}","custom-x":"--1-- U2FsdGVkX1+j+DAuWR6vPemgxrTZuwdBTpyOcZR5llruFSx/m0fcKBsHRCnIqjSP","extensions":{"code":"FORCE_LOGOUT","description":{"accept":"*/*","accept-encoding":"gzip, deflate, br, zstd","accept-language":"en,th;q=0.9","apollo-require-preflight":"true","authorization":"Bearer U2FsdGVkX1+j+DAuWR6vPemgxrTZuwdBTpyOcZR5llruFSx/m0fcKBsHRCnIqjSP","connection":"keep-alive","content-length":"82","content-type":"application/json","custom-authorization":"Bearer U2FsdGVkX1+j+DAuWR6vPemgxrTZuwdBTpyOcZR5llruFSx/m0fcKBsHRCnIqjSP","custom-location":"{\"pathname\":\"/administrator/userlist\",\"search\":\"\",\"hash\":\"\",\"state\":null,\"key\":\"1cxtd7hp\"}","custom-x":"--1-- U2FsdGVkX1+j+DAuWR6vPemgxrTZuwdBTpyOcZR5llruFSx/m0fcKBsHRCnIqjSP","host":"localhost:1984","origin":"http://localhost:5173","referer":"http://localhost:5173/","sec-ch-ua":"\"Not)A;Brand\";v=\"99\", \"Google Chrome\";v=\"127\", \"Chromium\";v=\"127\"","sec-ch-ua-mobile":"?0","sec-ch-ua-platform":"\"macOS\"","sec-fetch-dest":"empty","sec-fetch-mode":"cors","sec-fetch-site":"same-site","user-agent":"Mozilla/5.0 (Macintosh; Intel Mac OS X 10_15_7) AppleWebKit/537.36 (KHTML, like Gecko) Chrome/127.0.0.0 Safari/537.36"}},"host":"localhost:1984","origin":"http://localhost:5173","referer":"http://localhost:5173/","sec-ch-ua":"\"Not)A;Brand\";v=\"99\", \"Google Chrome\";v=\"127\", \"Chromium\";v=\"127\"","sec-ch-ua-mobile":"?0","sec-ch-ua-platform":"\"macOS\"","sec-fetch-dest":"empty","sec-fetch-mode":"cors","sec-fetch-site":"same-site","user-agent":"Mozilla/5.0 (Macintosh; Intel Mac OS X 10_15_7) AppleWebKit/537.36 (KHTML, like Gecko) Chrome/127.0.0.0 Safari/537.36"}},"locations":[{"column":3,"line":2}],"message":"Expired!","path":["members"]},"level":"error","message":"Error: Expired!"}
