{"level":"info","message":"Successfully : Connected to database!"}
{"level":"info","message":"Successfully : Connected to database!"}
{"level":"info","message":"Successfully : Connected to database!"}
{"level":"info","message":"Successfully : Connected to database!"}
{"level":"info","message":"Successfully : Connected to database!"}
{"level":"info","message":"Successfully : Connected to database!"}
{"level":"info","message":"Successfully : Connected to database!"}
{"level":"info","message":"Successfully : Connected to database!"}
{"level":"info","message":"Successfully : Connected to database!"}
{"level":"info","message":"Successfully : Connected to database!"}
{"err":{"extensions":{"code":"BAD_USER_INPUT"},"locations":[{"column":34,"line":1}],"message":"Variable \"$node_id\" of required type \"ID!\" was not provided."},"level":"error","message":"Error: Variable \"$node_id\" of required type \"ID!\" was not provided."}
{"err":{"extensions":{"code":"BAD_USER_INPUT"},"locations":[{"column":34,"line":1}],"message":"Variable \"$node_id\" of required type \"ID!\" was not provided."},"level":"error","message":"Error: Variable \"$node_id\" of required type \"ID!\" was not provided."}
{"level":"info","message":"Successfully : Connected to database!"}
{"err":{"extensions":{"code":"BAD_USER_INPUT"},"locations":[{"column":34,"line":1}],"message":"Variable \"$node_id\" of required type \"ID!\" was not provided."},"level":"error","message":"Error: Variable \"$node_id\" of required type \"ID!\" was not provided."}
{"err":{"extensions":{"code":"BAD_USER_INPUT"},"locations":[{"column":34,"line":1}],"message":"Variable \"$node_id\" of required type \"ID!\" was not provided."},"level":"error","message":"Error: Variable \"$node_id\" of required type \"ID!\" was not provided."}
{"err":{"extensions":{"code":"BAD_USER_INPUT"},"locations":[{"column":34,"line":1}],"message":"Variable \"$node_id\" of required type \"ID!\" was not provided."},"level":"error","message":"Error: Variable \"$node_id\" of required type \"ID!\" was not provided."}
{"err":{"extensions":{"code":"BAD_USER_INPUT"},"locations":[{"column":34,"line":1}],"message":"Variable \"$node_id\" of required type \"ID!\" was not provided."},"level":"error","message":"Error: Variable \"$node_id\" of required type \"ID!\" was not provided."}
{"level":"info","message":"Successfully : Connected to database!"}
{"level":"info","message":"Successfully : Connected to database!"}
{"err":{"extensions":{"code":"BAD_USER_INPUT"},"locations":[{"column":34,"line":1}],"message":"Variable \"$node_id\" of required type \"ID!\" was not provided."},"level":"error","message":"Error: Variable \"$node_id\" of required type \"ID!\" was not provided."}
{"level":"info","message":"Successfully : Connected to database!"}
{"level":"info","message":"Successfully : Connected to database!"}
{"level":"info","message":"Successfully : Connected to database!"}
{"level":"info","message":"Successfully : Connected to database!"}
{"level":"info","message":"Successfully : Connected to database!"}
{"level":"info","message":"Successfully : Connected to database!"}
{"level":"info","message":"Successfully : Connected to database!"}
{"level":"info","message":"Successfully : Connected to database!"}
{"level":"info","message":"Successfully : Connected to database!"}
{"level":"info","message":"Successfully : Connected to database!"}
{"level":"info","message":"Successfully : Connected to database!"}
{"level":"info","message":"Successfully : Connected to database!"}
{"level":"info","message":"Successfully : Connected to database!"}
{"level":"info","message":"Successfully : Connected to database!"}
{"level":"info","message":"Successfully : Connected to database!"}
{"level":"info","message":"Successfully : Connected to database!"}
{"level":"info","message":"Successfully : Connected to database!"}
{"err":{"extensions":{"code":"BAD_USER_INPUT"},"locations":[{"column":34,"line":1}],"message":"Variable \"$node_id\" of required type \"ID!\" was not provided."},"level":"error","message":"Error: Variable \"$node_id\" of required type \"ID!\" was not provided."}
{"err":{"extensions":{"code":"BAD_USER_INPUT"},"locations":[{"column":34,"line":1}],"message":"Variable \"$node_id\" of required type \"ID!\" was not provided."},"level":"error","message":"Error: Variable \"$node_id\" of required type \"ID!\" was not provided."}
{"level":"info","message":"Successfully : Connected to database!"}
{"err":{"extensions":{"code":"BAD_USER_INPUT"},"locations":[{"column":34,"line":1}],"message":"Variable \"$node_id\" of required type \"ID!\" was not provided."},"level":"error","message":"Error: Variable \"$node_id\" of required type \"ID!\" was not provided."}
{"err":{"extensions":{"code":"BAD_USER_INPUT"},"locations":[{"column":34,"line":1}],"message":"Variable \"$node_id\" of required type \"ID!\" was not provided."},"level":"error","message":"Error: Variable \"$node_id\" of required type \"ID!\" was not provided."}
{"err":{"extensions":{"code":"BAD_USER_INPUT"},"locations":[{"column":34,"line":1}],"message":"Variable \"$node_id\" of required type \"ID!\" was not provided."},"level":"error","message":"Error: Variable \"$node_id\" of required type \"ID!\" was not provided."}
{"err":{"locations":[{"column":3,"line":2}],"message":"collection is not defined","path":["tree_by_node_id"]},"level":"error","message":"Error: collection is not defined"}
{"err":{"locations":[{"column":3,"line":2}],"message":"collection is not defined","path":["tree_by_node_id"]},"level":"error","message":"Error: collection is not defined"}
{"err":{"locations":[{"column":3,"line":2}],"message":"collection is not defined","path":["tree_by_node_id"]},"level":"error","message":"Error: collection is not defined"}
{"err":{"locations":[{"column":3,"line":2}],"message":"collection is not defined","path":["tree_by_node_id"]},"level":"error","message":"Error: collection is not defined"}
{"level":"info","message":"Successfully : Connected to database!"}
{"level":"info","message":"Successfully : Connected to database!"}
{"level":"info","message":"Successfully : Connected to database!"}
{"level":"info","message":"Successfully : Connected to database!"}
{"level":"info","message":"Successfully : Connected to database!"}
{"level":"info","message":"Successfully : Connected to database!"}
{"level":"info","message":"Successfully : Connected to database!"}
{"level":"info","message":"Successfully : Connected to database!"}
{"level":"info","message":"Successfully : Connected to database!"}
{"level":"info","message":"Successfully : Connected to database!"}
{"level":"info","message":"Successfully : Connected to database!"}
{"level":"info","message":"Successfully : Connected to database!"}
{"level":"info","message":"Successfully : Connected to database!"}
{"level":"info","message":"Successfully : Connected to database!"}
{"level":"info","message":"Successfully : Connected to database!"}
{"err":{"locations":[{"column":3,"line":2}],"message":"Utils.createPeriod is not a function","path":["test"]},"level":"error","message":"Error: Utils.createPeriod is not a function"}
{"level":"info","message":"Successfully : Connected to database!"}
{"level":"info","message":"Successfully : Connected to database!"}
{"level":"info","message":"Successfully : Connected to database!"}
{"err":{"locations":[{"column":3,"line":2}],"message":"(0 , _generatePeriods.generatePeriods) is not a function","path":["test"]},"level":"error","message":"Error: (0 , _generatePeriods.generatePeriods) is not a function"}
{"err":{"locations":[{"column":3,"line":2}],"message":"(0 , _generatePeriods.generatePeriods) is not a function","path":["test"]},"level":"error","message":"Error: (0 , _generatePeriods.generatePeriods) is not a function"}
{"level":"info","message":"Successfully : Connected to database!"}
{"err":{"locations":[{"column":3,"line":2}],"message":"(0 , _generatePeriods.generatePeriods) is not a function","path":["test"]},"level":"error","message":"Error: (0 , _generatePeriods.generatePeriods) is not a function"}
{"level":"info","message":"Successfully : Connected to database!"}
{"level":"info","message":"Successfully : Connected to database!"}
{"level":"info","message":"Successfully : Connected to database!"}
{"level":"info","message":"Successfully : Connected to database!"}
{"level":"info","message":"Successfully : Connected to database!"}
{"level":"info","message":"Successfully : Connected to database!"}
