{"level":"info","message":"Successfully : Connected to database!"}
{"level":"info","message":"Successfully : Connected to database!"}
{"level":"info","message":"Successfully : Connected to database!"}
{"err":{"locations":[{"column":3,"line":2}],"message":"currentPeriod is not defined","path":["test"]},"level":"error","message":"Error: currentPeriod is not defined"}
{"level":"info","message":"Successfully : Connected to database!"}
{"level":"info","message":"Successfully : Connected to database!"}
{"level":"info","message":"Successfully : Connected to database!"}
{"level":"info","message":"Successfully : Connected to database!"}
{"level":"info","message":"Successfully : Connected to database!"}
{"level":"info","message":"Successfully : Connected to database!"}
{"level":"info","message":"Successfully : Connected to database!"}
{"err":{"locations":[{"column":3,"line":2}],"message":"Model.Order.find(...).toArray is not a function","path":["tree_by_node_id"]},"level":"error","message":"Error: Model.Order.find(...).toArray is not a function"}
{"level":"info","message":"Successfully : Connected to database!"}
{"level":"info","message":"Successfully : Connected to database!"}
{"err":{"extensions":{"code":"BAD_USER_INPUT"},"locations":[{"column":34,"line":1}],"message":"Variable \"$node_id\" of required type \"ID!\" was not provided."},"level":"error","message":"Error: Variable \"$node_id\" of required type \"ID!\" was not provided."}
{"err":{"extensions":{"code":"BAD_USER_INPUT"},"locations":[{"column":34,"line":1}],"message":"Variable \"$node_id\" of required type \"ID!\" was not provided."},"level":"error","message":"Error: Variable \"$node_id\" of required type \"ID!\" was not provided."}
{"level":"info","message":"Successfully : Connected to database!"}
{"level":"info","message":"Successfully : Connected to database!"}
{"level":"info","message":"Successfully : Connected to database!"}
{"level":"info","message":"Successfully : Connected to database!"}
{"level":"info","message":"Successfully : Connected to database!"}
{"level":"info","message":"Successfully : Connected to database!"}
{"level":"info","message":"Successfully : Connected to database!"}
{"level":"info","message":"Successfully : Connected to database!"}
{"err":{"extensions":{"code":"BAD_USER_INPUT"},"locations":[{"column":34,"line":1}],"message":"Variable \"$node_id\" of required type \"ID!\" was not provided."},"level":"error","message":"Error: Variable \"$node_id\" of required type \"ID!\" was not provided."}
{"err":{"extensions":{"code":"BAD_USER_INPUT"},"locations":[{"column":34,"line":1}],"message":"Variable \"$node_id\" of required type \"ID!\" was not provided."},"level":"error","message":"Error: Variable \"$node_id\" of required type \"ID!\" was not provided."}
{"level":"info","message":"Successfully : Connected to database!"}
{"level":"info","message":"Successfully : Connected to database!"}
{"level":"info","message":"Successfully : Connected to database!"}
{"level":"info","message":"Successfully : Connected to database!"}
{"err":{"extensions":{"code":"BAD_USER_INPUT"},"locations":[{"column":34,"line":1}],"message":"Variable \"$node_id\" of required type \"ID!\" was not provided."},"level":"error","message":"Error: Variable \"$node_id\" of required type \"ID!\" was not provided."}
{"err":{"extensions":{"code":"BAD_USER_INPUT"},"locations":[{"column":34,"line":1}],"message":"Variable \"$node_id\" of required type \"ID!\" was not provided."},"level":"error","message":"Error: Variable \"$node_id\" of required type \"ID!\" was not provided."}
{"err":{"extensions":{"code":"BAD_USER_INPUT"},"locations":[{"column":34,"line":1}],"message":"Variable \"$node_id\" of required type \"ID!\" was not provided."},"level":"error","message":"Error: Variable \"$node_id\" of required type \"ID!\" was not provided."}
{"err":{"extensions":{"code":"BAD_USER_INPUT"},"locations":[{"column":34,"line":1}],"message":"Variable \"$node_id\" of required type \"ID!\" was not provided."},"level":"error","message":"Error: Variable \"$node_id\" of required type \"ID!\" was not provided."}
{"err":{"extensions":{"code":"BAD_USER_INPUT"},"locations":[{"column":34,"line":1}],"message":"Variable \"$node_id\" of required type \"ID!\" was not provided."},"level":"error","message":"Error: Variable \"$node_id\" of required type \"ID!\" was not provided."}
{"err":{"extensions":{"code":"BAD_USER_INPUT"},"locations":[{"column":34,"line":1}],"message":"Variable \"$node_id\" of required type \"ID!\" was not provided."},"level":"error","message":"Error: Variable \"$node_id\" of required type \"ID!\" was not provided."}
{"err":{"extensions":{"code":"BAD_USER_INPUT"},"locations":[{"column":34,"line":1}],"message":"Variable \"$node_id\" of required type \"ID!\" was not provided."},"level":"error","message":"Error: Variable \"$node_id\" of required type \"ID!\" was not provided."}
{"err":{"extensions":{"code":"BAD_USER_INPUT"},"locations":[{"column":34,"line":1}],"message":"Variable \"$node_id\" of required type \"ID!\" was not provided."},"level":"error","message":"Error: Variable \"$node_id\" of required type \"ID!\" was not provided."}
{"err":{"extensions":{"code":"BAD_USER_INPUT"},"locations":[{"column":34,"line":1}],"message":"Variable \"$node_id\" of required type \"ID!\" was not provided."},"level":"error","message":"Error: Variable \"$node_id\" of required type \"ID!\" was not provided."}
{"err":{"extensions":{"code":"BAD_USER_INPUT"},"locations":[{"column":34,"line":1}],"message":"Variable \"$node_id\" of required type \"ID!\" was not provided."},"level":"error","message":"Error: Variable \"$node_id\" of required type \"ID!\" was not provided."}
{"err":{"extensions":{"code":"BAD_USER_INPUT"},"locations":[{"column":34,"line":1}],"message":"Variable \"$node_id\" of required type \"ID!\" was not provided."},"level":"error","message":"Error: Variable \"$node_id\" of required type \"ID!\" was not provided."}
{"level":"info","message":"Successfully : Connected to database!"}
{"err":{"extensions":{"code":"BAD_USER_INPUT"},"locations":[{"column":34,"line":1}],"message":"Variable \"$node_id\" of required type \"ID!\" was not provided."},"level":"error","message":"Error: Variable \"$node_id\" of required type \"ID!\" was not provided."}
{"level":"info","message":"Successfully : Connected to database!"}
{"err":{"extensions":{"code":"BAD_USER_INPUT"},"locations":[{"column":34,"line":1}],"message":"Variable \"$node_id\" of required type \"ID!\" was not provided."},"level":"error","message":"Error: Variable \"$node_id\" of required type \"ID!\" was not provided."}
{"level":"info","message":"Successfully : Connected to database!"}
{"level":"info","message":"Successfully : Connected to database!"}
{"level":"info","message":"Successfully : Connected to database!"}
{"level":"info","message":"Successfully : Connected to database!"}
{"level":"info","message":"Successfully : Connected to database!"}
{"err":{"extensions":{"code":"BAD_USER_INPUT"},"locations":[{"column":34,"line":1}],"message":"Variable \"$node_id\" of required type \"ID!\" was not provided."},"level":"error","message":"Error: Variable \"$node_id\" of required type \"ID!\" was not provided."}
{"err":{"extensions":{"code":"BAD_USER_INPUT"},"locations":[{"column":34,"line":1}],"message":"Variable \"$node_id\" of required type \"ID!\" was not provided."},"level":"error","message":"Error: Variable \"$node_id\" of required type \"ID!\" was not provided."}
{"level":"info","message":"Successfully : Connected to database!"}
{"level":"info","message":"Successfully : Connected to database!"}
{"level":"info","message":"Successfully : Connected to database!"}
{"level":"info","message":"Successfully : Connected to database!"}
{"level":"info","message":"Successfully : Connected to database!"}
{"level":"info","message":"Successfully : Connected to database!"}
{"level":"info","message":"Successfully : Connected to database!"}
{"err":{"extensions":{"code":"BAD_USER_INPUT"},"locations":[{"column":34,"line":1}],"message":"Variable \"$node_id\" of required type \"ID!\" was not provided."},"level":"error","message":"Error: Variable \"$node_id\" of required type \"ID!\" was not provided."}
{"err":{"extensions":{"code":"BAD_USER_INPUT"},"locations":[{"column":34,"line":1}],"message":"Variable \"$node_id\" of required type \"ID!\" was not provided."},"level":"error","message":"Error: Variable \"$node_id\" of required type \"ID!\" was not provided."}
{"level":"info","message":"Successfully : Connected to database!"}
{"level":"info","message":"Successfully : Connected to database!"}
{"level":"info","message":"Successfully : Connected to database!"}
{"err":{"extensions":{"code":"BAD_USER_INPUT"},"locations":[{"column":34,"line":1}],"message":"Variable \"$node_id\" of required type \"ID!\" was not provided."},"level":"error","message":"Error: Variable \"$node_id\" of required type \"ID!\" was not provided."}
{"level":"info","message":"Successfully : Connected to database!"}
{"level":"info","message":"Successfully : Connected to database!"}
{"level":"info","message":"Successfully : Connected to database!"}
{"level":"info","message":"Successfully : Connected to database!"}
{"level":"info","message":"Successfully : Connected to database!"}
{"err":{"locations":[{"column":3,"line":2}],"message":"timePeriod is not defined","path":["bills"]},"level":"error","message":"Error: timePeriod is not defined"}
{"level":"info","message":"Successfully : Connected to database!"}
{"err":{"extensions":{"code":"BAD_USER_INPUT"},"locations":[{"column":34,"line":1}],"message":"Variable \"$node_id\" of required type \"ID!\" was not provided."},"level":"error","message":"Error: Variable \"$node_id\" of required type \"ID!\" was not provided."}
{"level":"info","message":"Successfully : Connected to database!"}
{"level":"info","message":"Successfully : Connected to database!"}
{"err":{"extensions":{"code":"PASSWORD_WRONG","description":{}},"locations":[{"column":3,"line":2}],"message":"PASSWORD WRONG","path":["login"]},"level":"error","message":"Error: PASSWORD WRONG"}
{"level":"info","message":"Successfully : Connected to database!"}
{"level":"info","message":"Successfully : Connected to database!"}
{"level":"info","message":"Successfully : Connected to database!"}
{"level":"info","message":"Successfully : Connected to database!"}
{"level":"info","message":"Successfully : Connected to database!"}
{"err":{"extensions":{"code":"FORCE_LOGOUT","description":{"accept":"*/*","accept-encoding":"gzip, deflate, br, zstd","accept-language":"en,th;q=0.9","apollo-require-preflight":"true","authorization":"Bearer U2FsdGVkX1+j6jhI38MzJGS/g5mEbPqXqVuMH9U5nlBB/QcWcXzgUoDaL+5lYnTU","connection":"keep-alive","content-length":"85","content-type":"application/json","custom-authorization":"Bearer U2FsdGVkX1+j6jhI38MzJGS/g5mEbPqXqVuMH9U5nlBB/QcWcXzgUoDaL+5lYnTU","custom-location":"{\"ancestorOrigins\":{},\"href\":\"http://localhost:5173/\",\"origin\":\"http://localhost:5173\",\"protocol\":\"http:\",\"host\":\"localhost:5173\",\"hostname\":\"localhost\",\"port\":\"5173\",\"pathname\":\"/\",\"search\":\"\",\"hash\":\"\"}","custom-x":"--1-- U2FsdGVkX1+j6jhI38MzJGS/g5mEbPqXqVuMH9U5nlBB/QcWcXzgUoDaL+5lYnTU","extensions":{"code":"FORCE_LOGOUT","description":{"accept":"*/*","accept-encoding":"gzip, deflate, br, zstd","accept-language":"en,th;q=0.9","apollo-require-preflight":"true","authorization":"Bearer U2FsdGVkX1+j6jhI38MzJGS/g5mEbPqXqVuMH9U5nlBB/QcWcXzgUoDaL+5lYnTU","connection":"keep-alive","content-length":"85","content-type":"application/json","custom-authorization":"Bearer U2FsdGVkX1+j6jhI38MzJGS/g5mEbPqXqVuMH9U5nlBB/QcWcXzgUoDaL+5lYnTU","custom-location":"{\"ancestorOrigins\":{},\"href\":\"http://localhost:5173/\",\"origin\":\"http://localhost:5173\",\"protocol\":\"http:\",\"host\":\"localhost:5173\",\"hostname\":\"localhost\",\"port\":\"5173\",\"pathname\":\"/\",\"search\":\"\",\"hash\":\"\"}","custom-x":"--1-- U2FsdGVkX1+j6jhI38MzJGS/g5mEbPqXqVuMH9U5nlBB/QcWcXzgUoDaL+5lYnTU","host":"localhost:1984","origin":"http://localhost:5173","referer":"http://localhost:5173/","sec-ch-ua":"\"Google Chrome\";v=\"129\", \"Not=A?Brand\";v=\"8\", \"Chromium\";v=\"129\"","sec-ch-ua-mobile":"?0","sec-ch-ua-platform":"\"macOS\"","sec-fetch-dest":"empty","sec-fetch-mode":"cors","sec-fetch-site":"same-site","user-agent":"Mozilla/5.0 (Macintosh; Intel Mac OS X 10_15_7) AppleWebKit/537.36 (KHTML, like Gecko) Chrome/129.0.0.0 Safari/537.36"}},"host":"localhost:1984","origin":"http://localhost:5173","referer":"http://localhost:5173/","sec-ch-ua":"\"Google Chrome\";v=\"129\", \"Not=A?Brand\";v=\"8\", \"Chromium\";v=\"129\"","sec-ch-ua-mobile":"?0","sec-ch-ua-platform":"\"macOS\"","sec-fetch-dest":"empty","sec-fetch-mode":"cors","sec-fetch-site":"same-site","user-agent":"Mozilla/5.0 (Macintosh; Intel Mac OS X 10_15_7) AppleWebKit/537.36 (KHTML, like Gecko) Chrome/129.0.0.0 Safari/537.36"}},"locations":[{"column":3,"line":2}],"message":"Expired!","path":["products"]},"level":"error","message":"Error: Expired!"}
{"err":{"extensions":{"code":"BAD_USER_INPUT"},"locations":[{"column":15,"line":1}],"message":"Variable \"$id\" of required type \"ID!\" was not provided."},"level":"error","message":"Error: Variable \"$id\" of required type \"ID!\" was not provided."}
{"err":{"extensions":{"code":"BAD_USER_INPUT"},"locations":[{"column":15,"line":1}],"message":"Variable \"$id\" of required type \"ID!\" was not provided."},"level":"error","message":"Error: Variable \"$id\" of required type \"ID!\" was not provided."}
{"err":{"extensions":{"code":"BAD_USER_INPUT"},"locations":[{"column":15,"line":1}],"message":"Variable \"$id\" of required type \"ID!\" was not provided."},"level":"error","message":"Error: Variable \"$id\" of required type \"ID!\" was not provided."}
{"err":{"extensions":{"code":"BAD_USER_INPUT"},"locations":[{"column":15,"line":1}],"message":"Variable \"$id\" of required type \"ID!\" was not provided."},"level":"error","message":"Error: Variable \"$id\" of required type \"ID!\" was not provided."}
{"err":{"extensions":{"code":"BAD_USER_INPUT"},"locations":[{"column":15,"line":1}],"message":"Variable \"$id\" of required type \"ID!\" was not provided."},"level":"error","message":"Error: Variable \"$id\" of required type \"ID!\" was not provided."}
