{"level":"info","message":"Successfully : Connected to database!"}
{"level":"info","message":"Successfully : Connected to database!"}
{"level":"info","message":"Successfully : Connected to database!"}
{"level":"info","message":"Successfully : Connected to database!"}
{"level":"info","message":"Successfully : Connected to database!"}
{"level":"info","message":"Successfully : Connected to database!"}
{"level":"info","message":"Successfully : Connected to database!"}
{"level":"info","message":"Successfully : Connected to database!"}
{"err":{"extensions":{"code":"GRAPHQL_VALIDATION_FAILED","http":{"headers":{},"status":400}},"locations":[{"column":19,"line":1},{"column":19,"line":2}],"message":"Variable \"$input\" of type \"RegisterInput\" used in position expecting type \"JSON\"."},"level":"error","message":"Error: Variable \"$input\" of type \"RegisterInput\" used in position expecting type \"JSON\"."}
{"level":"info","message":"Successfully : Connected to database!"}
{"level":"info","message":"Successfully : Connected to database!"}
{"level":"info","message":"Successfully : Connected to database!"}
{"level":"info","message":"Successfully : Connected to database!"}
{"level":"info","message":"Successfully : Connected to database!"}
{"level":"info","message":"Successfully : Connected to database!"}
{"level":"info","message":"Successfully : Connected to database!"}
{"level":"info","message":"Successfully : Connected to database!"}
{"level":"info","message":"Successfully : Connected to database!"}
{"level":"info","message":"Successfully : Connected to database!"}
{"level":"info","message":"Successfully : Connected to database!"}
{"level":"info","message":"Successfully : Connected to database!"}
{"level":"info","message":"Successfully : Connected to database!"}
{"level":"info","message":"Successfully : Connected to database!"}
{"level":"info","message":"Successfully : Connected to database!"}
{"level":"info","message":"Successfully : Connected to database!"}
{"level":"info","message":"Successfully : Connected to database!"}
{"level":"info","message":"Successfully : Connected to database!"}
{"level":"info","message":"Successfully : Connected to database!"}
{"level":"info","message":"Successfully : Connected to database!"}
{"level":"info","message":"Successfully : Connected to database!"}
{"level":"info","message":"Successfully : Connected to database!"}
{"level":"info","message":"Successfully : Connected to database!"}
{"level":"info","message":"Successfully : Connected to database!"}
{"level":"info","message":"Successfully : Connected to database!"}
{"level":"info","message":"Successfully : Connected to database!"}
{"level":"info","message":"Successfully : Connected to database!"}
{"level":"info","message":"Successfully : Connected to database!"}
{"level":"info","message":"Successfully : Connected to database!"}
{"err":{"extensions":{"code":"ERROR","description":{"confirmPassword":"Somkid058848391@","email":"test@test.local","idCard":"1234567890123","package":1,"parentId":"6694927862cd9e01921e2978","password":"Somkid058848391@","tel":"0988268000","username":"test"}},"locations":[{"column":3,"line":2}],"message":"EXITING USERNAME AND EMAIL","path":["register"]},"level":"error","message":"Error: EXITING USERNAME AND EMAIL"}
{"level":"info","message":"Successfully : Connected to database!"}
{"level":"info","message":"Successfully : Connected to database!"}
{"level":"info","message":"Successfully : Connected to database!"}
{"level":"info","message":"Successfully : Connected to database!"}
{"level":"info","message":"Successfully : Connected to database!"}
{"level":"info","message":"Successfully : Connected to database!"}
{"level":"info","message":"Successfully : Connected to database!"}
{"level":"info","message":"Successfully : Connected to database!"}
{"level":"info","message":"Successfully : Connected to database!"}
{"level":"info","message":"Successfully : Connected to database!"}
{"level":"info","message":"Successfully : Connected to database!"}
{"level":"info","message":"Successfully : Connected to database!"}
{"level":"info","message":"Successfully : Connected to database!"}
{"level":"info","message":"Successfully : Connected to database!"}
{"level":"info","message":"Successfully : Connected to database!"}
{"level":"info","message":"Successfully : Connected to database!"}
{"level":"info","message":"Successfully : Connected to database!"}
{"level":"info","message":"Successfully : Connected to database!"}
{"level":"info","message":"Successfully : Connected to database!"}
{"level":"info","message":"Successfully : Connected to database!"}
{"level":"info","message":"Successfully : Connected to database!"}
{"level":"info","message":"Successfully : Connected to database!"}
{"level":"info","message":"Successfully : Connected to database!"}
{"err":{"locations":[{"column":3,"line":2}],"message":"createNew is not defined","path":["register"]},"level":"error","message":"Error: createNew is not defined"}
{"level":"info","message":"Successfully : Connected to database!"}
{"level":"info","message":"Successfully : Connected to database!"}
{"level":"info","message":"Successfully : Connected to database!"}
{"level":"info","message":"Successfully : Connected to database!"}
{"level":"info","message":"Successfully : Connected to database!"}
{"level":"info","message":"Successfully : Connected to database!"}
{"level":"info","message":"Successfully : Connected to database!"}
{"level":"info","message":"Successfully : Connected to database!"}
{"err":{"locations":[{"column":3,"line":2}],"message":"err is not defined","path":["register"]},"level":"error","message":"Error: err is not defined"}
{"level":"info","message":"Successfully : Connected to database!"}
{"level":"info","message":"Successfully : Connected to database!"}
{"err":{"extensions":{"code":"ERROR","description":{"confirmPassword":"Somkid058848391@","email":"test@test.local","idCard":"1234567890123","packages":1,"parentId":"6694927862cd9e01921e2978","password":"Somkid058848391@","tel":"0988268000","username":"test"}},"locations":[{"column":3,"line":2}],"message":"EXITING USERNAME AND EMAIL","path":["register"]},"level":"error","message":"Error: EXITING USERNAME AND EMAIL"}
{"level":"info","message":"Successfully : Connected to database!"}
{"level":"info","message":"Successfully : Connected to database!"}
{"level":"info","message":"Successfully : Connected to database!"}
{"level":"info","message":"Successfully : Connected to database!"}
{"level":"info","message":"Successfully : Connected to database!"}
{"level":"info","message":"Successfully : Connected to database!"}
{"level":"info","message":"Successfully : Connected to database!"}
{"level":"info","message":"Successfully : Connected to database!"}
{"level":"info","message":"Successfully : Connected to database!"}
{"level":"info","message":"Successfully : Connected to database!"}
{"level":"info","message":"Successfully : Connected to database!"}
{"level":"info","message":"Successfully : Connected to database!"}
{"level":"info","message":"Successfully : Connected to database!"}
{"level":"info","message":"Successfully : Connected to database!"}
{"level":"info","message":"Successfully : Connected to database!"}
{"level":"info","message":"Successfully : Connected to database!"}
{"level":"info","message":"Successfully : Connected to database!"}
{"level":"info","message":"Successfully : Connected to database!"}
{"level":"info","message":"Successfully : Connected to database!"}
{"level":"info","message":"Successfully : Connected to database!"}
{"level":"info","message":"Successfully : Connected to database!"}
{"level":"info","message":"Successfully : Connected to database!"}
{"level":"info","message":"Successfully : Connected to database!"}
{"level":"info","message":"Successfully : Connected to database!"}
{"level":"info","message":"Successfully : Connected to database!"}
{"level":"info","message":"Successfully : Connected to database!"}
{"level":"info","message":"Successfully : Connected to database!"}
{"level":"info","message":"Successfully : Connected to database!"}
{"level":"info","message":"Successfully : Connected to database!"}
{"level":"info","message":"Successfully : Connected to database!"}
{"level":"info","message":"Successfully : Connected to database!"}
{"err":{"locations":[{"column":3,"line":2}],"message":"start is not defined","path":["init"]},"level":"error","message":"Error: start is not defined"}
{"level":"info","message":"Successfully : Connected to database!"}
{"level":"info","message":"Successfully : Connected to database!"}
{"level":"info","message":"Successfully : Connected to database!"}
{"level":"info","message":"Successfully : Connected to database!"}
{"level":"info","message":"Successfully : Connected to database!"}
{"err":{"extensions":{"code":"ERROR","description":{}},"locations":[{"column":3,"line":2}],"message":"MongoError: E11000 duplicate key error collection: a4.member index: current.email_1 dup key: { current.email: \"admin@local.local\" }","path":["init"]},"level":"error","message":"Error: MongoError: E11000 duplicate key error collection: a4.member index: current.email_1 dup key: { current.email: \"admin@local.local\" }"}
{"level":"info","message":"Successfully : Connected to database!"}
{"err":{"extensions":{"code":"ERROR","description":{}},"locations":[{"column":3,"line":2}],"message":"MongoError: E11000 duplicate key error collection: a4.member index: current.email_1 dup key: { current.email: \"admin@local.local\" }","path":["init"]},"level":"error","message":"Error: MongoError: E11000 duplicate key error collection: a4.member index: current.email_1 dup key: { current.email: \"admin@local.local\" }"}
{"level":"info","message":"Successfully : Connected to database!"}
{"err":{"extensions":{"code":"ERROR","description":{}},"locations":[{"column":3,"line":2}],"message":"EXITING USERNAME","path":["init"]},"level":"error","message":"Error: EXITING USERNAME"}
{"level":"info","message":"Successfully : Connected to database!"}
{"level":"info","message":"Successfully : Connected to database!"}
{"level":"info","message":"Successfully : Connected to database!"}
{"level":"info","message":"Successfully : Connected to database!"}
{"level":"info","message":"Successfully : Connected to database!"}
{"level":"info","message":"Successfully : Connected to database!"}
{"level":"info","message":"Successfully : Connected to database!"}
{"level":"info","message":"Successfully : Connected to database!"}
{"level":"info","message":"Successfully : Connected to database!"}
{"err":{"extensions":{"code":"ERROR","description":{}},"locations":[{"column":3,"line":2}],"message":"EXITING USERNAME","path":["init"]},"level":"error","message":"Error: EXITING USERNAME"}
{"level":"info","message":"Successfully : Connected to database!"}
{"level":"info","message":"Successfully : Connected to database!"}
{"level":"info","message":"Successfully : Connected to database!"}
{"level":"info","message":"Successfully : Connected to database!"}
{"level":"info","message":"Successfully : Connected to database!"}
{"level":"info","message":"Successfully : Connected to database!"}
{"level":"info","message":"Successfully : Connected to database!"}
{"level":"info","message":"Successfully : Connected to database!"}
{"level":"info","message":"Successfully : Connected to database!"}
{"level":"info","message":"Successfully : Connected to database!"}
{"level":"info","message":"Successfully : Connected to database!"}
{"level":"info","message":"Successfully : Connected to database!"}
{"level":"info","message":"Successfully : Connected to database!"}
{"err":{"extensions":{"code":"ERROR","description":{}},"locations":[{"column":3,"line":2}],"message":"Parent id is Empty","path":["register"]},"level":"error","message":"Error: Parent id is Empty"}
{"level":"info","message":"Successfully : Connected to database!"}
{"level":"info","message":"Successfully : Connected to database!"}
{"level":"info","message":"Successfully : Connected to database!"}
{"err":{"extensions":{"code":"ERROR","description":{"confirmPassword":"Somkid058848391@","email":"test@test.local","idCard":"1234567890123","packages":1,"parentId":"6694927862cd9e01921e2978","password":"Somkid058848391@","tel":"0988268000","username":"test"}},"locations":[{"column":3,"line":2}],"message":"EXITING USERNAME AND EMAIL","path":["register"]},"level":"error","message":"Error: EXITING USERNAME AND EMAIL"}
{"level":"info","message":"Successfully : Connected to database!"}
{"err":{"extensions":{"code":"ERROR","description":{}},"locations":[{"column":3,"line":2}],"message":"Parent id is Empty @@@2","path":["register"]},"level":"error","message":"Error: Parent id is Empty @@@2"}
{"level":"info","message":"Successfully : Connected to database!"}
{"err":{"extensions":{"code":"ERROR","description":{}},"locations":[{"column":3,"line":2}],"message":"Parent id is Empty @@@2","path":["register"]},"level":"error","message":"Error: Parent id is Empty @@@2"}
{"level":"info","message":"Successfully : Connected to database!"}
{"err":{"extensions":{"code":"ERROR","description":{}},"locations":[{"column":3,"line":2}],"message":"Parent id is Empty @@@2","path":["register"]},"level":"error","message":"Error: Parent id is Empty @@@2"}
{"level":"info","message":"Successfully : Connected to database!"}
{"level":"info","message":"Successfully : Connected to database!"}
{"err":{"extensions":{"code":"ERROR","description":{"confirmPassword":"Somkid058848391@","email":"test@test.local","idCard":"1234567890123","packages":1,"parentId":"6694927862cd9e01921e2978","password":"Somkid058848391@","tel":"0988268000","username":"test"}},"locations":[{"column":3,"line":2}],"message":"EXITING USERNAME AND EMAIL","path":["register"]},"level":"error","message":"Error: EXITING USERNAME AND EMAIL"}
{"err":{"extensions":{"code":"ERROR","description":{}},"locations":[{"column":3,"line":2}],"message":"Parent id is Empty @@@2","path":["register"]},"level":"error","message":"Error: Parent id is Empty @@@2"}
{"level":"info","message":"Successfully : Connected to database!"}
{"level":"info","message":"Successfully : Connected to database!"}
{"level":"info","message":"Successfully : Connected to database!"}
{"err":{"extensions":{"code":"ERROR","description":{"confirmPassword":"Somkid058848391@","email":"test@test.local","idCard":"1234567890123","packages":1,"parentId":"6694927862cd9e01921e2978","password":"Somkid058848391@","tel":"0988268000","username":"test"}},"locations":[{"column":3,"line":2}],"message":"EXITING USERNAME AND EMAIL","path":["register"]},"level":"error","message":"Error: EXITING USERNAME AND EMAIL"}
{"level":"info","message":"Successfully : Connected to database!"}
{"level":"info","message":"Successfully : Connected to database!"}
{"level":"info","message":"Successfully : Connected to database!"}
{"level":"info","message":"Successfully : Connected to database!"}
{"level":"info","message":"Successfully : Connected to database!"}
{"level":"info","message":"Successfully : Connected to database!"}
{"level":"info","message":"Successfully : Connected to database!"}
{"level":"info","message":"Successfully : Connected to database!"}
{"level":"info","message":"Successfully : Connected to database!"}
{"level":"info","message":"Successfully : Connected to database!"}
{"level":"info","message":"Successfully : Connected to database!"}
{"err":{"extensions":{"code":"ERROR","description":{}},"locations":[{"column":3,"line":2}],"message":"Parent id is Empty @@@1 ","path":["register"]},"level":"error","message":"Error: Parent id is Empty @@@1 "}
{"level":"info","message":"Successfully : Connected to database!"}
{"level":"info","message":"Successfully : Connected to database!"}
{"level":"info","message":"Successfully : Connected to database!"}
{"level":"info","message":"Successfully : Connected to database!"}
{"err":{"extensions":{"code":"ERROR","description":{}},"locations":[{"column":3,"line":2}],"message":"Parent id is Empty @@@1 ","path":["register"]},"level":"error","message":"Error: Parent id is Empty @@@1 "}
{"level":"info","message":"Successfully : Connected to database!"}
{"level":"info","message":"Successfully : Connected to database!"}
{"level":"info","message":"Successfully : Connected to database!"}
{"level":"info","message":"Successfully : Connected to database!"}
{"level":"info","message":"Successfully : Connected to database!"}
{"level":"info","message":"Successfully : Connected to database!"}
{"level":"info","message":"Successfully : Connected to database!"}
{"level":"info","message":"Successfully : Connected to database!"}
{"err":{"extensions":{"code":"ERROR","description":{"confirmPassword":"Somkid058848391@","email":"test4@test.local","idCard":"1234567890123","packages":1,"parentId":"66c4b084cd538705b46a616b","password":"Somkid058848391@","tel":"0988268003","username":"test4"}},"locations":[{"column":3,"line":2}],"message":"EXITING ID CARD","path":["register"]},"level":"error","message":"Error: EXITING ID CARD"}
{"err":{"extensions":{"code":"ERROR","description":{"confirmPassword":"Somkid058848391@","email":"test7@test.local","idCard":"1234567890127","packages":1,"parentId":"66c4b084cd538705b46a616b","password":"Somkid058848391@","tel":"0988268006","username":"test7"}},"locations":[{"column":3,"line":2}],"message":"EXITING TEL","path":["register"]},"level":"error","message":"Error: EXITING TEL"}
{"level":"info","message":"Successfully : Connected to database!"}
{"level":"info","message":"Successfully : Connected to database!"}
{"level":"info","message":"Successfully : Connected to database!"}
{"level":"info","message":"Successfully : Connected to database!"}
{"level":"info","message":"Successfully : Connected to database!"}
{"level":"info","message":"Successfully : Connected to database!"}
{"level":"info","message":"Successfully : Connected to database!"}
{"level":"info","message":"Successfully : Connected to database!"}
{"level":"info","message":"Successfully : Connected to database!"}
{"level":"info","message":"Successfully : Connected to database!"}
{"level":"info","message":"Successfully : Connected to database!"}
{"level":"info","message":"Successfully : Connected to database!"}
{"level":"info","message":"Successfully : Connected to database!"}
{"level":"info","message":"Successfully : Connected to database!"}
{"level":"info","message":"Successfully : Connected to database!"}
{"level":"info","message":"Successfully : Connected to database!"}
{"level":"info","message":"Successfully : Connected to database!"}
{"level":"info","message":"Successfully : Connected to database!"}
{"level":"info","message":"Successfully : Connected to database!"}
{"level":"info","message":"Successfully : Connected to database!"}
{"level":"info","message":"Successfully : Connected to database!"}
{"level":"info","message":"Successfully : Connected to database!"}
{"level":"info","message":"Successfully : Connected to database!"}
{"level":"info","message":"Successfully : Connected to database!"}
{"level":"info","message":"Successfully : Connected to database!"}
{"level":"info","message":"Successfully : Connected to database!"}
{"level":"info","message":"Successfully : Connected to database!"}
