{"level":"info","message":"Successfully : Connected to database!"}
{"level":"info","message":"Successfully : Connected to database!"}
{"level":"info","message":"Successfully : Connected to database!"}
{"level":"info","message":"Successfully : Connected to database!"}
{"level":"info","message":"Successfully : Connected to database!"}
{"level":"info","message":"Successfully : Connected to database!"}
{"level":"info","message":"Successfully : Connected to database!"}
{"level":"info","message":"Successfully : Connected to database!"}
{"level":"info","message":"Successfully : Connected to database!"}
{"level":"info","message":"Successfully : Connected to database!"}
{"level":"info","message":"Successfully : Connected to database!"}
{"level":"info","message":"Successfully : Connected to database!"}
{"level":"info","message":"Successfully : Connected to database!"}
{"level":"info","message":"Successfully : Connected to database!"}
{"level":"info","message":"Successfully : Connected to database!"}
{"level":"info","message":"Successfully : Connected to database!"}
{"level":"info","message":"Successfully : Connected to database!"}
{"level":"info","message":"Successfully : Connected to database!"}
{"level":"info","message":"Successfully : Connected to database!"}
{"level":"info","message":"Successfully : Connected to database!"}
{"level":"info","message":"Successfully : Connected to database!"}
{"level":"info","message":"Successfully : Connected to database!"}
{"level":"info","message":"Successfully : Connected to database!"}
{"err":{"extensions":{"code":"GRAPHQL_VALIDATION_FAILED","http":{"headers":{},"status":400}},"locations":[{"column":30,"line":2}],"message":"Unknown argument \"_id\" on field \"Query.test_fetch_tree_by_node_id\"."},"level":"error","message":"Error: Unknown argument \"_id\" on field \"Query.test_fetch_tree_by_node_id\"."}
{"err":{"extensions":{"code":"GRAPHQL_VALIDATION_FAILED","http":{"headers":{},"status":400}},"locations":[{"column":3,"line":2}],"message":"Field \"test_fetch_tree_by_node_id\" argument \"node_id\" of type \"ID!\" is required, but it was not provided."},"level":"error","message":"Error: Field \"test_fetch_tree_by_node_id\" argument \"node_id\" of type \"ID!\" is required, but it was not provided."}
{"err":{"extensions":{"code":"GRAPHQL_VALIDATION_FAILED","http":{"headers":{},"status":400}},"locations":[{"column":30,"line":2}],"message":"Unknown argument \"_id\" on field \"Query.test_fetch_tree_by_node_id\"."},"level":"error","message":"Error: Unknown argument \"_id\" on field \"Query.test_fetch_tree_by_node_id\"."}
{"err":{"extensions":{"code":"GRAPHQL_VALIDATION_FAILED","http":{"headers":{},"status":400}},"locations":[{"column":3,"line":2}],"message":"Field \"test_fetch_tree_by_node_id\" argument \"node_id\" of type \"ID!\" is required, but it was not provided."},"level":"error","message":"Error: Field \"test_fetch_tree_by_node_id\" argument \"node_id\" of type \"ID!\" is required, but it was not provided."}
{"level":"info","message":"Successfully : Connected to database!"}
{"level":"info","message":"Successfully : Connected to database!"}
{"err":{"extensions":{"code":"BAD_USER_INPUT"},"locations":[{"column":34,"line":1}],"message":"Variable \"$node_id\" of required type \"ID!\" was not provided."},"level":"error","message":"Error: Variable \"$node_id\" of required type \"ID!\" was not provided."}
{"err":{"extensions":{"code":"BAD_USER_INPUT"},"locations":[{"column":34,"line":1}],"message":"Variable \"$node_id\" of required type \"ID!\" was not provided."},"level":"error","message":"Error: Variable \"$node_id\" of required type \"ID!\" was not provided."}
{"err":{"extensions":{"code":"BAD_USER_INPUT"},"locations":[{"column":34,"line":1}],"message":"Variable \"$node_id\" of required type \"ID!\" was not provided."},"level":"error","message":"Error: Variable \"$node_id\" of required type \"ID!\" was not provided."}
{"err":{"extensions":{"code":"BAD_USER_INPUT"},"locations":[{"column":34,"line":1}],"message":"Variable \"$node_id\" of required type \"ID!\" was not provided."},"level":"error","message":"Error: Variable \"$node_id\" of required type \"ID!\" was not provided."}
{"err":{"extensions":{"code":"BAD_USER_INPUT"},"locations":[{"column":34,"line":1}],"message":"Variable \"$node_id\" of required type \"ID!\" was not provided."},"level":"error","message":"Error: Variable \"$node_id\" of required type \"ID!\" was not provided."}
{"err":{"extensions":{"code":"BAD_USER_INPUT"},"locations":[{"column":34,"line":1}],"message":"Variable \"$node_id\" of required type \"ID!\" was not provided."},"level":"error","message":"Error: Variable \"$node_id\" of required type \"ID!\" was not provided."}
{"err":{"extensions":{"code":"BAD_USER_INPUT"},"locations":[{"column":34,"line":1}],"message":"Variable \"$node_id\" of required type \"ID!\" was not provided."},"level":"error","message":"Error: Variable \"$node_id\" of required type \"ID!\" was not provided."}
{"err":{"extensions":{"code":"BAD_USER_INPUT"},"locations":[{"column":34,"line":1}],"message":"Variable \"$node_id\" of required type \"ID!\" was not provided."},"level":"error","message":"Error: Variable \"$node_id\" of required type \"ID!\" was not provided."}
{"err":{"extensions":{"code":"BAD_USER_INPUT"},"locations":[{"column":34,"line":1}],"message":"Variable \"$node_id\" of required type \"ID!\" was not provided."},"level":"error","message":"Error: Variable \"$node_id\" of required type \"ID!\" was not provided."}
{"err":{"extensions":{"code":"BAD_USER_INPUT"},"locations":[{"column":34,"line":1}],"message":"Variable \"$node_id\" of required type \"ID!\" was not provided."},"level":"error","message":"Error: Variable \"$node_id\" of required type \"ID!\" was not provided."}
{"err":{"extensions":{"code":"BAD_USER_INPUT"},"locations":[{"column":34,"line":1}],"message":"Variable \"$node_id\" of required type \"ID!\" was not provided."},"level":"error","message":"Error: Variable \"$node_id\" of required type \"ID!\" was not provided."}
{"err":{"extensions":{"code":"BAD_USER_INPUT"},"locations":[{"column":34,"line":1}],"message":"Variable \"$node_id\" of required type \"ID!\" was not provided."},"level":"error","message":"Error: Variable \"$node_id\" of required type \"ID!\" was not provided."}
{"err":{"extensions":{"code":"BAD_USER_INPUT"},"locations":[{"column":34,"line":1}],"message":"Variable \"$node_id\" of required type \"ID!\" was not provided."},"level":"error","message":"Error: Variable \"$node_id\" of required type \"ID!\" was not provided."}
{"err":{"extensions":{"code":"BAD_USER_INPUT"},"locations":[{"column":34,"line":1}],"message":"Variable \"$node_id\" of required type \"ID!\" was not provided."},"level":"error","message":"Error: Variable \"$node_id\" of required type \"ID!\" was not provided."}
{"err":{"extensions":{"code":"BAD_USER_INPUT"},"locations":[{"column":34,"line":1}],"message":"Variable \"$node_id\" of required type \"ID!\" was not provided."},"level":"error","message":"Error: Variable \"$node_id\" of required type \"ID!\" was not provided."}
{"err":{"extensions":{"code":"BAD_USER_INPUT"},"locations":[{"column":34,"line":1}],"message":"Variable \"$node_id\" of required type \"ID!\" was not provided."},"level":"error","message":"Error: Variable \"$node_id\" of required type \"ID!\" was not provided."}
{"err":{"extensions":{"code":"BAD_USER_INPUT"},"locations":[{"column":34,"line":1}],"message":"Variable \"$node_id\" of required type \"ID!\" was not provided."},"level":"error","message":"Error: Variable \"$node_id\" of required type \"ID!\" was not provided."}
{"err":{"extensions":{"code":"BAD_USER_INPUT"},"locations":[{"column":34,"line":1}],"message":"Variable \"$node_id\" of required type \"ID!\" was not provided."},"level":"error","message":"Error: Variable \"$node_id\" of required type \"ID!\" was not provided."}
{"err":{"extensions":{"code":"BAD_USER_INPUT"},"locations":[{"column":34,"line":1}],"message":"Variable \"$node_id\" of required type \"ID!\" was not provided."},"level":"error","message":"Error: Variable \"$node_id\" of required type \"ID!\" was not provided."}
{"err":{"extensions":{"code":"BAD_USER_INPUT"},"locations":[{"column":34,"line":1}],"message":"Variable \"$node_id\" of required type \"ID!\" was not provided."},"level":"error","message":"Error: Variable \"$node_id\" of required type \"ID!\" was not provided."}
{"err":{"extensions":{"code":"BAD_USER_INPUT"},"locations":[{"column":34,"line":1}],"message":"Variable \"$node_id\" of required type \"ID!\" was not provided."},"level":"error","message":"Error: Variable \"$node_id\" of required type \"ID!\" was not provided."}
{"err":{"extensions":{"code":"BAD_USER_INPUT"},"locations":[{"column":34,"line":1}],"message":"Variable \"$node_id\" of required type \"ID!\" was not provided."},"level":"error","message":"Error: Variable \"$node_id\" of required type \"ID!\" was not provided."}
{"err":{"extensions":{"code":"BAD_USER_INPUT"},"locations":[{"column":34,"line":1}],"message":"Variable \"$node_id\" of required type \"ID!\" was not provided."},"level":"error","message":"Error: Variable \"$node_id\" of required type \"ID!\" was not provided."}
{"err":{"extensions":{"code":"BAD_USER_INPUT"},"locations":[{"column":34,"line":1}],"message":"Variable \"$node_id\" of required type \"ID!\" was not provided."},"level":"error","message":"Error: Variable \"$node_id\" of required type \"ID!\" was not provided."}
{"err":{"extensions":{"code":"BAD_USER_INPUT"},"locations":[{"column":34,"line":1}],"message":"Variable \"$node_id\" of required type \"ID!\" was not provided."},"level":"error","message":"Error: Variable \"$node_id\" of required type \"ID!\" was not provided."}
{"err":{"extensions":{"code":"BAD_USER_INPUT"},"locations":[{"column":34,"line":1}],"message":"Variable \"$node_id\" of required type \"ID!\" was not provided."},"level":"error","message":"Error: Variable \"$node_id\" of required type \"ID!\" was not provided."}
{"err":{"extensions":{"code":"BAD_USER_INPUT"},"locations":[{"column":34,"line":1}],"message":"Variable \"$node_id\" of required type \"ID!\" was not provided."},"level":"error","message":"Error: Variable \"$node_id\" of required type \"ID!\" was not provided."}
{"err":{"extensions":{"code":"BAD_USER_INPUT"},"locations":[{"column":34,"line":1}],"message":"Variable \"$node_id\" of required type \"ID!\" was not provided."},"level":"error","message":"Error: Variable \"$node_id\" of required type \"ID!\" was not provided."}
{"err":{"extensions":{"code":"BAD_USER_INPUT"},"locations":[{"column":34,"line":1}],"message":"Variable \"$node_id\" of required type \"ID!\" was not provided."},"level":"error","message":"Error: Variable \"$node_id\" of required type \"ID!\" was not provided."}
{"err":{"extensions":{"code":"BAD_USER_INPUT"},"locations":[{"column":34,"line":1}],"message":"Variable \"$node_id\" of required type \"ID!\" was not provided."},"level":"error","message":"Error: Variable \"$node_id\" of required type \"ID!\" was not provided."}
{"err":{"extensions":{"code":"BAD_USER_INPUT"},"locations":[{"column":34,"line":1}],"message":"Variable \"$node_id\" of required type \"ID!\" was not provided."},"level":"error","message":"Error: Variable \"$node_id\" of required type \"ID!\" was not provided."}
{"err":{"extensions":{"code":"BAD_USER_INPUT"},"locations":[{"column":34,"line":1}],"message":"Variable \"$node_id\" of required type \"ID!\" was not provided."},"level":"error","message":"Error: Variable \"$node_id\" of required type \"ID!\" was not provided."}
{"err":{"extensions":{"code":"BAD_USER_INPUT"},"locations":[{"column":34,"line":1}],"message":"Variable \"$node_id\" of required type \"ID!\" was not provided."},"level":"error","message":"Error: Variable \"$node_id\" of required type \"ID!\" was not provided."}
{"err":{"extensions":{"code":"BAD_USER_INPUT"},"locations":[{"column":34,"line":1}],"message":"Variable \"$node_id\" of required type \"ID!\" was not provided."},"level":"error","message":"Error: Variable \"$node_id\" of required type \"ID!\" was not provided."}
{"err":{"extensions":{"code":"BAD_USER_INPUT"},"locations":[{"column":34,"line":1}],"message":"Variable \"$node_id\" of required type \"ID!\" was not provided."},"level":"error","message":"Error: Variable \"$node_id\" of required type \"ID!\" was not provided."}
{"err":{"extensions":{"code":"BAD_USER_INPUT"},"locations":[{"column":34,"line":1}],"message":"Variable \"$node_id\" of required type \"ID!\" was not provided."},"level":"error","message":"Error: Variable \"$node_id\" of required type \"ID!\" was not provided."}
{"err":{"extensions":{"code":"BAD_USER_INPUT"},"locations":[{"column":34,"line":1}],"message":"Variable \"$node_id\" of required type \"ID!\" was not provided."},"level":"error","message":"Error: Variable \"$node_id\" of required type \"ID!\" was not provided."}
{"err":{"extensions":{"code":"BAD_USER_INPUT"},"locations":[{"column":34,"line":1}],"message":"Variable \"$node_id\" of required type \"ID!\" was not provided."},"level":"error","message":"Error: Variable \"$node_id\" of required type \"ID!\" was not provided."}
{"err":{"extensions":{"code":"BAD_USER_INPUT"},"locations":[{"column":34,"line":1}],"message":"Variable \"$node_id\" of required type \"ID!\" was not provided."},"level":"error","message":"Error: Variable \"$node_id\" of required type \"ID!\" was not provided."}
{"err":{"extensions":{"code":"BAD_USER_INPUT"},"locations":[{"column":34,"line":1}],"message":"Variable \"$node_id\" of required type \"ID!\" was not provided."},"level":"error","message":"Error: Variable \"$node_id\" of required type \"ID!\" was not provided."}
{"err":{"extensions":{"code":"BAD_USER_INPUT"},"locations":[{"column":34,"line":1}],"message":"Variable \"$node_id\" of required type \"ID!\" was not provided."},"level":"error","message":"Error: Variable \"$node_id\" of required type \"ID!\" was not provided."}
{"err":{"extensions":{"code":"BAD_USER_INPUT"},"locations":[{"column":34,"line":1}],"message":"Variable \"$node_id\" of required type \"ID!\" was not provided."},"level":"error","message":"Error: Variable \"$node_id\" of required type \"ID!\" was not provided."}
{"err":{"extensions":{"code":"BAD_USER_INPUT"},"locations":[{"column":34,"line":1}],"message":"Variable \"$node_id\" of required type \"ID!\" was not provided."},"level":"error","message":"Error: Variable \"$node_id\" of required type \"ID!\" was not provided."}
{"err":{"extensions":{"code":"BAD_USER_INPUT"},"locations":[{"column":34,"line":1}],"message":"Variable \"$node_id\" of required type \"ID!\" was not provided."},"level":"error","message":"Error: Variable \"$node_id\" of required type \"ID!\" was not provided."}
{"err":{"extensions":{"code":"BAD_USER_INPUT"},"locations":[{"column":34,"line":1}],"message":"Variable \"$node_id\" of required type \"ID!\" was not provided."},"level":"error","message":"Error: Variable \"$node_id\" of required type \"ID!\" was not provided."}
{"err":{"extensions":{"code":"BAD_USER_INPUT"},"locations":[{"column":34,"line":1}],"message":"Variable \"$node_id\" of required type \"ID!\" was not provided."},"level":"error","message":"Error: Variable \"$node_id\" of required type \"ID!\" was not provided."}
{"err":{"extensions":{"code":"BAD_USER_INPUT"},"locations":[{"column":15,"line":1}],"message":"Variable \"$id\" of required type \"ID!\" was not provided."},"level":"error","message":"Error: Variable \"$id\" of required type \"ID!\" was not provided."}
{"err":{"extensions":{"code":"BAD_USER_INPUT"},"locations":[{"column":15,"line":1}],"message":"Variable \"$id\" of required type \"ID!\" was not provided."},"level":"error","message":"Error: Variable \"$id\" of required type \"ID!\" was not provided."}
{"err":{"extensions":{"code":"BAD_USER_INPUT"},"locations":[{"column":15,"line":1}],"message":"Variable \"$id\" of required type \"ID!\" was not provided."},"level":"error","message":"Error: Variable \"$id\" of required type \"ID!\" was not provided."}
{"level":"info","message":"Successfully : Connected to database!"}
{"level":"info","message":"Successfully : Connected to database!"}
{"level":"info","message":"Successfully : Connected to database!"}
{"err":{"extensions":{"code":"BAD_USER_INPUT"},"locations":[{"column":15,"line":1}],"message":"Variable \"$id\" of required type \"ID!\" was not provided."},"level":"error","message":"Error: Variable \"$id\" of required type \"ID!\" was not provided."}
{"err":{"extensions":{"code":"BAD_USER_INPUT"},"locations":[{"column":34,"line":1}],"message":"Variable \"$node_id\" of required type \"ID!\" was not provided."},"level":"error","message":"Error: Variable \"$node_id\" of required type \"ID!\" was not provided."}
{"err":{"extensions":{"code":"BAD_USER_INPUT"},"locations":[{"column":34,"line":1}],"message":"Variable \"$node_id\" of required type \"ID!\" was not provided."},"level":"error","message":"Error: Variable \"$node_id\" of required type \"ID!\" was not provided."}
{"err":{"extensions":{"code":"BAD_USER_INPUT"},"locations":[{"column":15,"line":1}],"message":"Variable \"$id\" of required type \"ID!\" was not provided."},"level":"error","message":"Error: Variable \"$id\" of required type \"ID!\" was not provided."}
{"err":{"extensions":{"code":"BAD_USER_INPUT"},"locations":[{"column":34,"line":1}],"message":"Variable \"$node_id\" of required type \"ID!\" was not provided."},"level":"error","message":"Error: Variable \"$node_id\" of required type \"ID!\" was not provided."}
{"err":{"extensions":{"code":"BAD_USER_INPUT"},"locations":[{"column":15,"line":1}],"message":"Variable \"$id\" of required type \"ID!\" was not provided."},"level":"error","message":"Error: Variable \"$id\" of required type \"ID!\" was not provided."}
{"err":{"extensions":{"code":"BAD_USER_INPUT"},"locations":[{"column":34,"line":1}],"message":"Variable \"$node_id\" of required type \"ID!\" was not provided."},"level":"error","message":"Error: Variable \"$node_id\" of required type \"ID!\" was not provided."}
{"err":{"extensions":{"code":"BAD_USER_INPUT"},"locations":[{"column":15,"line":1}],"message":"Variable \"$id\" of required type \"ID!\" was not provided."},"level":"error","message":"Error: Variable \"$id\" of required type \"ID!\" was not provided."}
{"err":{"extensions":{"code":"BAD_USER_INPUT"},"locations":[{"column":34,"line":1}],"message":"Variable \"$node_id\" of required type \"ID!\" was not provided."},"level":"error","message":"Error: Variable \"$node_id\" of required type \"ID!\" was not provided."}
{"err":{"extensions":{"code":"BAD_USER_INPUT"},"locations":[{"column":34,"line":1}],"message":"Variable \"$node_id\" of required type \"ID!\" was not provided."},"level":"error","message":"Error: Variable \"$node_id\" of required type \"ID!\" was not provided."}
{"err":{"extensions":{"code":"BAD_USER_INPUT"},"locations":[{"column":34,"line":1}],"message":"Variable \"$node_id\" of required type \"ID!\" was not provided."},"level":"error","message":"Error: Variable \"$node_id\" of required type \"ID!\" was not provided."}
{"err":{"extensions":{"code":"BAD_USER_INPUT"},"locations":[{"column":15,"line":1}],"message":"Variable \"$id\" of required type \"ID!\" was not provided."},"level":"error","message":"Error: Variable \"$id\" of required type \"ID!\" was not provided."}
{"err":{"extensions":{"code":"BAD_USER_INPUT"},"locations":[{"column":15,"line":1}],"message":"Variable \"$id\" of required type \"ID!\" was not provided."},"level":"error","message":"Error: Variable \"$id\" of required type \"ID!\" was not provided."}
{"err":{"extensions":{"code":"BAD_USER_INPUT"},"locations":[{"column":15,"line":1}],"message":"Variable \"$id\" of required type \"ID!\" was not provided."},"level":"error","message":"Error: Variable \"$id\" of required type \"ID!\" was not provided."}
{"err":{"extensions":{"code":"BAD_USER_INPUT"},"locations":[{"column":15,"line":1}],"message":"Variable \"$id\" of required type \"ID!\" was not provided."},"level":"error","message":"Error: Variable \"$id\" of required type \"ID!\" was not provided."}
{"err":{"extensions":{"code":"BAD_USER_INPUT"},"locations":[{"column":15,"line":1}],"message":"Variable \"$id\" of required type \"ID!\" was not provided."},"level":"error","message":"Error: Variable \"$id\" of required type \"ID!\" was not provided."}
