{"level":"info","message":"Successfully : Connected to database!"}
{"level":"info","message":"Successfully : Connected to database!"}
{"level":"info","message":"Successfully : Connected to database!"}
{"level":"info","message":"Successfully : Connected to database!"}
{"level":"info","message":"Successfully : Connected to database!"}
{"level":"info","message":"Successfully : Connected to database!"}
{"level":"info","message":"Successfully : Connected to database!"}
{"level":"info","message":"Successfully : Connected to database!"}
{"level":"info","message":"Successfully : Connected to database!"}
{"level":"info","message":"Successfully : Connected to database!"}
{"level":"info","message":"Successfully : Connected to database!"}
{"level":"info","message":"Successfully : Connected to database!"}
{"level":"info","message":"Successfully : Connected to database!"}
{"level":"info","message":"Successfully : Connected to database!"}
{"level":"info","message":"Successfully : Connected to database!"}
{"err":{"locations":[{"column":3,"line":2}],"message":"Node is not defined","path":["test_add_node"]},"level":"error","message":"Error: Node is not defined"}
{"level":"info","message":"Successfully : Connected to database!"}
{"level":"info","message":"Successfully : Connected to database!"}
{"level":"info","message":"Successfully : Connected to database!"}
{"level":"info","message":"Successfully : Connected to database!"}
{"level":"info","message":"Successfully : Connected to database!"}
{"level":"info","message":"Successfully : Connected to database!"}
{"level":"info","message":"Successfully : Connected to database!"}
{"level":"info","message":"Successfully : Connected to database!"}
{"level":"info","message":"Successfully : Connected to database!"}
{"err":{"locations":[{"column":3,"line":2}],"message":"Argument passed in must be a single String of 12 bytes or a string of 24 hex characters","path":["test_add_node"]},"level":"error","message":"Error: Argument passed in must be a single String of 12 bytes or a string of 24 hex characters"}
{"level":"info","message":"Successfully : Connected to database!"}
{"level":"info","message":"Successfully : Connected to database!"}
{"level":"info","message":"Successfully : Connected to database!"}
{"level":"info","message":"Successfully : Connected to database!"}
{"level":"info","message":"Successfully : Connected to database!"}
{"level":"info","message":"Successfully : Connected to database!"}
{"level":"info","message":"Successfully : Connected to database!"}
{"level":"info","message":"Successfully : Connected to database!"}
{"level":"info","message":"Successfully : Connected to database!"}
{"level":"info","message":"Successfully : Connected to database!"}
{"level":"info","message":"Successfully : Connected to database!"}
{"level":"info","message":"Successfully : Connected to database!"}
{"level":"info","message":"Successfully : Connected to database!"}
{"level":"info","message":"Successfully : Connected to database!"}
{"level":"info","message":"Successfully : Connected to database!"}
{"level":"info","message":"Successfully : Connected to database!"}
{"level":"info","message":"Successfully : Connected to database!"}
{"level":"info","message":"Successfully : Connected to database!"}
{"level":"info","message":"Successfully : Connected to database!"}
{"level":"info","message":"Successfully : Connected to database!"}
{"level":"error","message":"Error : Connection to database :"}
{"level":"info","message":"Successfully : Connected to database!"}
{"err":{"extensions":{"code":"ERROR","description":{}},"locations":[{"column":3,"line":2}],"message":"ReferenceError: _id is not defined","path":["register"]},"level":"error","message":"Error: ReferenceError: _id is not defined"}
{"level":"info","message":"Successfully : Connected to database!"}
{"level":"info","message":"Successfully : Connected to database!"}
{"err":{"extensions":{"code":"ERROR","description":{"confirmPassword":"Somkid058848391@","email":"test@test.local","idCard":"1234567890123","packages":7,"parentId":"66c4b084cd538705b46a616b","password":"Somkid058848391@","tel":"0988268000","username":"test"}},"locations":[{"column":3,"line":2}],"message":"EXITING USERNAME AND EMAIL","path":["register"]},"level":"error","message":"Error: EXITING USERNAME AND EMAIL"}
{"level":"info","message":"Successfully : Connected to database!"}
{"err":{"extensions":{"code":"FORCE_LOGOUT","description":{"accept":"*/*","accept-encoding":"gzip, deflate, br, zstd","accept-language":"th,en-US;q=0.7,en;q=0.3","apollo-require-preflight":"true","authorization":"Bearer U2FsdGVkX18qJ/duTXVuhETxW4yTNqL0VNUmQv68VIcQNlj93DzxFY20XMi/YpLx","connection":"keep-alive","content-length":"82","content-type":"application/json","custom-authorization":"Bearer U2FsdGVkX18qJ/duTXVuhETxW4yTNqL0VNUmQv68VIcQNlj93DzxFY20XMi/YpLx","custom-location":"{\"pathname\":\"/administrator/userlist\",\"search\":\"\",\"hash\":\"\",\"state\":null,\"key\":\"dahp81bs\"}","custom-x":"--1-- U2FsdGVkX18qJ/duTXVuhETxW4yTNqL0VNUmQv68VIcQNlj93DzxFY20XMi/YpLx","extensions":{"code":"FORCE_LOGOUT","description":{"accept":"*/*","accept-encoding":"gzip, deflate, br, zstd","accept-language":"th,en-US;q=0.7,en;q=0.3","apollo-require-preflight":"true","authorization":"Bearer U2FsdGVkX18qJ/duTXVuhETxW4yTNqL0VNUmQv68VIcQNlj93DzxFY20XMi/YpLx","connection":"keep-alive","content-length":"82","content-type":"application/json","custom-authorization":"Bearer U2FsdGVkX18qJ/duTXVuhETxW4yTNqL0VNUmQv68VIcQNlj93DzxFY20XMi/YpLx","custom-location":"{\"pathname\":\"/administrator/userlist\",\"search\":\"\",\"hash\":\"\",\"state\":null,\"key\":\"dahp81bs\"}","custom-x":"--1-- U2FsdGVkX18qJ/duTXVuhETxW4yTNqL0VNUmQv68VIcQNlj93DzxFY20XMi/YpLx","host":"localhost:4000","origin":"http://localhost:5173","priority":"u=0","referer":"http://localhost:5173/","sec-fetch-dest":"empty","sec-fetch-mode":"cors","sec-fetch-site":"same-site","user-agent":"Mozilla/5.0 (Macintosh; Intel Mac OS X 10.15; rv:129.0) Gecko/20100101 Firefox/129.0"}},"host":"localhost:4000","origin":"http://localhost:5173","priority":"u=0","referer":"http://localhost:5173/","sec-fetch-dest":"empty","sec-fetch-mode":"cors","sec-fetch-site":"same-site","user-agent":"Mozilla/5.0 (Macintosh; Intel Mac OS X 10.15; rv:129.0) Gecko/20100101 Firefox/129.0"}},"locations":[{"column":3,"line":2}],"message":"Expired!","path":["members"]},"level":"error","message":"Error: Expired!"}
{"err":{"extensions":{"code":"FORCE_LOGOUT","description":{"accept":"*/*","accept-encoding":"gzip, deflate, br, zstd","accept-language":"th,en-US;q=0.7,en;q=0.3","apollo-require-preflight":"true","authorization":"Bearer U2FsdGVkX18qJ/duTXVuhETxW4yTNqL0VNUmQv68VIcQNlj93DzxFY20XMi/YpLx","connection":"keep-alive","content-length":"82","content-type":"application/json","custom-authorization":"Bearer U2FsdGVkX18qJ/duTXVuhETxW4yTNqL0VNUmQv68VIcQNlj93DzxFY20XMi/YpLx","custom-location":"{\"pathname\":\"/administrator/userlist\",\"search\":\"\",\"hash\":\"\",\"state\":null,\"key\":\"dahp81bs\"}","custom-x":"--1-- U2FsdGVkX18qJ/duTXVuhETxW4yTNqL0VNUmQv68VIcQNlj93DzxFY20XMi/YpLx","extensions":{"code":"FORCE_LOGOUT","description":{"accept":"*/*","accept-encoding":"gzip, deflate, br, zstd","accept-language":"th,en-US;q=0.7,en;q=0.3","apollo-require-preflight":"true","authorization":"Bearer U2FsdGVkX18qJ/duTXVuhETxW4yTNqL0VNUmQv68VIcQNlj93DzxFY20XMi/YpLx","connection":"keep-alive","content-length":"82","content-type":"application/json","custom-authorization":"Bearer U2FsdGVkX18qJ/duTXVuhETxW4yTNqL0VNUmQv68VIcQNlj93DzxFY20XMi/YpLx","custom-location":"{\"pathname\":\"/administrator/userlist\",\"search\":\"\",\"hash\":\"\",\"state\":null,\"key\":\"dahp81bs\"}","custom-x":"--1-- U2FsdGVkX18qJ/duTXVuhETxW4yTNqL0VNUmQv68VIcQNlj93DzxFY20XMi/YpLx","host":"localhost:4000","origin":"http://localhost:5173","priority":"u=4","referer":"http://localhost:5173/","sec-fetch-dest":"empty","sec-fetch-mode":"cors","sec-fetch-site":"same-site","user-agent":"Mozilla/5.0 (Macintosh; Intel Mac OS X 10.15; rv:129.0) Gecko/20100101 Firefox/129.0"}},"host":"localhost:4000","origin":"http://localhost:5173","priority":"u=4","referer":"http://localhost:5173/","sec-fetch-dest":"empty","sec-fetch-mode":"cors","sec-fetch-site":"same-site","user-agent":"Mozilla/5.0 (Macintosh; Intel Mac OS X 10.15; rv:129.0) Gecko/20100101 Firefox/129.0"}},"locations":[{"column":3,"line":2}],"message":"Expired!","path":["members"]},"level":"error","message":"Error: Expired!"}
{"level":"info","message":"Successfully : Connected to database!"}
