{"err":{"extensions":{"code":"BAD_USER_INPUT"},"locations":[{"column":25,"line":1}],"message":"Variable \"$input\" got invalid value { parentId: \"66c4b084cd538705b46a616b\", displayName: \"Daren\", email: \"Ottilie.Daniel60@yahoo.com\", password: \"jayce\", username: \"jayce\", idCard: \"cead262e-441a-46d5-b655-f5eacda92c2f\", tel: \"946-525-3619\", avatar: { url: \"https://cloudflare-ipfs.com/ipfs/Qmd3W5DuhgHirLHGVixi6V76LhCkZUz6pnFt5AJBiyvHye/avatar/69.jpg\", filename: \"Hanna\", encoding: \"7bit\", mimetype: \"image/png\" } }; Field \"parentId\" is not defined by type \"MemberInput\"."},"level":"error","message":"Error: Variable \"$input\" got invalid value { parentId: \"66c4b084cd538705b46a616b\", displayName: \"Daren\", email: \"Ottilie.Daniel60@yahoo.com\", password: \"jayce\", username: \"jayce\", idCard: \"cead262e-441a-46d5-b655-f5eacda92c2f\", tel: \"946-525-3619\", avatar: { url: \"https://cloudflare-ipfs.com/ipfs/Qmd3W5DuhgHirLHGVixi6V76LhCkZUz6pnFt5AJBiyvHye/avatar/69.jpg\", filename: \"Hanna\", encoding: \"7bit\", mimetype: \"image/png\" } }; Field \"parentId\" is not defined by type \"MemberInput\"."}
{"err":{"extensions":{"code":"BAD_USER_INPUT"},"locations":[{"column":25,"line":1}],"message":"Variable \"$input\" got invalid value { parentId: \"66c4b084cd538705b46a616b\", displayName: \"Daren\", email: \"Ottilie.Daniel60@yahoo.com\", password: \"jayce\", username: \"jayce\", idCard: \"cead262e-441a-46d5-b655-f5eacda92c2f\", tel: \"946-525-3619\", avatar: { url: \"https://cloudflare-ipfs.com/ipfs/Qmd3W5DuhgHirLHGVixi6V76LhCkZUz6pnFt5AJBiyvHye/avatar/69.jpg\", filename: \"Hanna\", encoding: \"7bit\", mimetype: \"image/png\" } }; Field \"idCard\" is not defined by type \"MemberInput\"."},"level":"error","message":"Error: Variable \"$input\" got invalid value { parentId: \"66c4b084cd538705b46a616b\", displayName: \"Daren\", email: \"Ottilie.Daniel60@yahoo.com\", password: \"jayce\", username: \"jayce\", idCard: \"cead262e-441a-46d5-b655-f5eacda92c2f\", tel: \"946-525-3619\", avatar: { url: \"https://cloudflare-ipfs.com/ipfs/Qmd3W5DuhgHirLHGVixi6V76LhCkZUz6pnFt5AJBiyvHye/avatar/69.jpg\", filename: \"Hanna\", encoding: \"7bit\", mimetype: \"image/png\" } }; Field \"idCard\" is not defined by type \"MemberInput\"."}
{"err":{"extensions":{"code":"BAD_USER_INPUT"},"locations":[{"column":25,"line":1}],"message":"Variable \"$input\" got invalid value { parentId: \"66c4b084cd538705b46a616b\", displayName: \"Daren\", email: \"Ottilie.Daniel60@yahoo.com\", password: \"jayce\", username: \"jayce\", idCard: \"cead262e-441a-46d5-b655-f5eacda92c2f\", tel: \"946-525-3619\", avatar: { url: \"https://cloudflare-ipfs.com/ipfs/Qmd3W5DuhgHirLHGVixi6V76LhCkZUz6pnFt5AJBiyvHye/avatar/69.jpg\", filename: \"Hanna\", encoding: \"7bit\", mimetype: \"image/png\" } }; Field \"tel\" is not defined by type \"MemberInput\"."},"level":"error","message":"Error: Variable \"$input\" got invalid value { parentId: \"66c4b084cd538705b46a616b\", displayName: \"Daren\", email: \"Ottilie.Daniel60@yahoo.com\", password: \"jayce\", username: \"jayce\", idCard: \"cead262e-441a-46d5-b655-f5eacda92c2f\", tel: \"946-525-3619\", avatar: { url: \"https://cloudflare-ipfs.com/ipfs/Qmd3W5DuhgHirLHGVixi6V76LhCkZUz6pnFt5AJBiyvHye/avatar/69.jpg\", filename: \"Hanna\", encoding: \"7bit\", mimetype: \"image/png\" } }; Field \"tel\" is not defined by type \"MemberInput\"."}
{"level":"info","message":"Successfully : Connected to database!"}
{"level":"info","message":"Successfully : Connected to database!"}
{"level":"info","message":"Successfully : Connected to database!"}
{"level":"info","message":"Successfully : Connected to database!"}
{"level":"info","message":"Successfully : Connected to database!"}
{"level":"info","message":"Successfully : Connected to database!"}
{"level":"info","message":"Successfully : Connected to database!"}
{"level":"info","message":"Successfully : Connected to database!"}
{"level":"info","message":"Successfully : Connected to database!"}
{"level":"info","message":"Successfully : Connected to database!"}
{"level":"info","message":"Successfully : Connected to database!"}
{"level":"info","message":"Successfully : Connected to database!"}
{"level":"info","message":"Successfully : Connected to database!"}
{"level":"info","message":"Successfully : Connected to database!"}
{"level":"info","message":"Successfully : Connected to database!"}
{"level":"info","message":"Successfully : Connected to database!"}
{"level":"info","message":"Successfully : Connected to database!"}
{"level":"info","message":"Successfully : Connected to database!"}
{"level":"info","message":"Successfully : Connected to database!"}
{"level":"info","message":"Successfully : Connected to database!"}
{"level":"info","message":"Successfully : Connected to database!"}
{"level":"info","message":"Successfully : Connected to database!"}
{"level":"info","message":"Successfully : Connected to database!"}
{"level":"info","message":"Successfully : Connected to database!"}
{"level":"info","message":"Successfully : Connected to database!"}
{"err":{"locations":[{"column":3,"line":2}],"message":"connection timed out","path":["test_fetch_node"]},"level":"error","message":"Error: connection timed out"}
{"err":{"locations":[{"column":3,"line":2}],"message":"connection timed out","path":["test_fetch_node"]},"level":"error","message":"Error: connection timed out"}
{"level":"info","message":"Successfully : Connected to database!"}
{"level":"info","message":"Successfully : Connected to database!"}
{"level":"info","message":"Successfully : Connected to database!"}
{"level":"info","message":"Successfully : Connected to database!"}
{"level":"info","message":"Successfully : Connected to database!"}
{"level":"info","message":"Successfully : Connected to database!"}
{"level":"info","message":"Successfully : Connected to database!"}
{"level":"info","message":"Successfully : Connected to database!"}
{"level":"info","message":"Successfully : Connected to database!"}
{"level":"info","message":"Successfully : Connected to database!"}
{"level":"info","message":"Successfully : Connected to database!"}
{"level":"info","message":"Successfully : Connected to database!"}
{"level":"info","message":"Successfully : Connected to database!"}
{"level":"info","message":"Successfully : Connected to database!"}
{"level":"info","message":"Successfully : Connected to database!"}
{"level":"info","message":"Successfully : Connected to database!"}
{"level":"info","message":"Successfully : Connected to database!"}
{"level":"info","message":"Successfully : Connected to database!"}
{"level":"info","message":"Successfully : Connected to database!"}
{"level":"info","message":"Successfully : Connected to database!"}
{"level":"info","message":"Successfully : Connected to database!"}
{"level":"info","message":"Successfully : Connected to database!"}
{"level":"info","message":"Successfully : Connected to database!"}
{"level":"info","message":"Successfully : Connected to database!"}
{"level":"info","message":"Successfully : Connected to database!"}
{"level":"info","message":"Successfully : Connected to database!"}
{"level":"info","message":"Successfully : Connected to database!"}
{"level":"info","message":"Successfully : Connected to database!"}
{"level":"info","message":"Successfully : Connected to database!"}
{"level":"info","message":"Successfully : Connected to database!"}
{"level":"info","message":"Successfully : Connected to database!"}
{"level":"info","message":"Successfully : Connected to database!"}
{"level":"info","message":"Successfully : Connected to database!"}
{"level":"info","message":"Successfully : Connected to database!"}
{"level":"info","message":"Successfully : Connected to database!"}
{"level":"info","message":"Successfully : Connected to database!"}
{"level":"info","message":"Successfully : Connected to database!"}
{"level":"info","message":"Successfully : Connected to database!"}
{"level":"info","message":"Successfully : Connected to database!"}
{"level":"info","message":"Successfully : Connected to database!"}
{"level":"info","message":"Successfully : Connected to database!"}
{"level":"info","message":"Successfully : Connected to database!"}
{"level":"info","message":"Successfully : Connected to database!"}
{"level":"info","message":"Successfully : Connected to database!"}
{"level":"info","message":"Successfully : Connected to database!"}
{"level":"info","message":"Successfully : Connected to database!"}
{"level":"info","message":"Successfully : Connected to database!"}
{"level":"info","message":"Successfully : Connected to database!"}
{"level":"info","message":"Successfully : Connected to database!"}
{"level":"info","message":"Successfully : Connected to database!"}
{"level":"info","message":"Successfully : Connected to database!"}
{"level":"info","message":"Successfully : Connected to database!"}
{"level":"info","message":"Successfully : Connected to database!"}
{"level":"info","message":"Successfully : Connected to database!"}
{"level":"info","message":"Successfully : Connected to database!"}
{"level":"info","message":"Successfully : Connected to database!"}
{"level":"info","message":"Successfully : Connected to database!"}
{"level":"info","message":"Successfully : Connected to database!"}
{"level":"info","message":"Successfully : Connected to database!"}
