{"level":"error","message":"Error : Connection to database :"}
{"level":"info","message":"Successfully : Connected to database!"}
{"level":"info","message":"Successfully : Connected to database!"}
{"err":{"extensions":{"code":"FORCE_LOGOUT","description":{"accept":"*/*","accept-encoding":"gzip, deflate, br, zstd","accept-language":"en,th;q=0.9","apollo-require-preflight":"true","authorization":"Bearer U2FsdGVkX1+Mory6ZhiwhT8Gp2+BVRZvtQLEqYHqD17ZjuTNMfsbj06V3sUjXXsQ","cache-control":"no-cache","connection":"keep-alive","content-length":"82","content-type":"application/json","custom-authorization":"Bearer U2FsdGVkX1+Mory6ZhiwhT8Gp2+BVRZvtQLEqYHqD17ZjuTNMfsbj06V3sUjXXsQ","custom-location":"{\"pathname\":\"/administrator/product\",\"search\":\"\",\"hash\":\"\",\"state\":null,\"key\":\"60ow8kty\"}","custom-x":"--1-- U2FsdGVkX1+Mory6ZhiwhT8Gp2+BVRZvtQLEqYHqD17ZjuTNMfsbj06V3sUjXXsQ","extensions":{"code":"FORCE_LOGOUT","description":{"accept":"*/*","accept-encoding":"gzip, deflate, br, zstd","accept-language":"en,th;q=0.9","apollo-require-preflight":"true","authorization":"Bearer U2FsdGVkX1+Mory6ZhiwhT8Gp2+BVRZvtQLEqYHqD17ZjuTNMfsbj06V3sUjXXsQ","cache-control":"no-cache","connection":"keep-alive","content-length":"82","content-type":"application/json","custom-authorization":"Bearer U2FsdGVkX1+Mory6ZhiwhT8Gp2+BVRZvtQLEqYHqD17ZjuTNMfsbj06V3sUjXXsQ","custom-location":"{\"pathname\":\"/administrator/product\",\"search\":\"\",\"hash\":\"\",\"state\":null,\"key\":\"60ow8kty\"}","custom-x":"--1-- U2FsdGVkX1+Mory6ZhiwhT8Gp2+BVRZvtQLEqYHqD17ZjuTNMfsbj06V3sUjXXsQ","host":"localhost:1984","origin":"http://localhost:5173","pragma":"no-cache","referer":"http://localhost:5173/","sec-ch-ua":"\"Chromium\";v=\"128\", \"Not;A=Brand\";v=\"24\", \"Google Chrome\";v=\"128\"","sec-ch-ua-mobile":"?0","sec-ch-ua-platform":"\"macOS\"","sec-fetch-dest":"empty","sec-fetch-mode":"cors","sec-fetch-site":"same-site","user-agent":"Mozilla/5.0 (Macintosh; Intel Mac OS X 10_15_7) AppleWebKit/537.36 (KHTML, like Gecko) Chrome/128.0.0.0 Safari/537.36"}},"host":"localhost:1984","origin":"http://localhost:5173","pragma":"no-cache","referer":"http://localhost:5173/","sec-ch-ua":"\"Chromium\";v=\"128\", \"Not;A=Brand\";v=\"24\", \"Google Chrome\";v=\"128\"","sec-ch-ua-mobile":"?0","sec-ch-ua-platform":"\"macOS\"","sec-fetch-dest":"empty","sec-fetch-mode":"cors","sec-fetch-site":"same-site","user-agent":"Mozilla/5.0 (Macintosh; Intel Mac OS X 10_15_7) AppleWebKit/537.36 (KHTML, like Gecko) Chrome/128.0.0.0 Safari/537.36"}},"locations":[{"column":3,"line":2}],"message":"Expired!","path":["members"]},"level":"error","message":"Error: Expired!"}
{"err":{"extensions":{"code":"FORCE_LOGOUT","description":{"accept":"*/*","accept-encoding":"gzip, deflate, br, zstd","accept-language":"en,th;q=0.9","apollo-require-preflight":"true","authorization":"Bearer U2FsdGVkX1+Mory6ZhiwhT8Gp2+BVRZvtQLEqYHqD17ZjuTNMfsbj06V3sUjXXsQ","cache-control":"no-cache","connection":"keep-alive","content-length":"82","content-type":"application/json","custom-authorization":"Bearer U2FsdGVkX1+Mory6ZhiwhT8Gp2+BVRZvtQLEqYHqD17ZjuTNMfsbj06V3sUjXXsQ","custom-location":"{\"pathname\":\"/administrator/product\",\"search\":\"\",\"hash\":\"\",\"state\":null,\"key\":\"60ow8kty\"}","custom-x":"--1-- U2FsdGVkX1+Mory6ZhiwhT8Gp2+BVRZvtQLEqYHqD17ZjuTNMfsbj06V3sUjXXsQ","extensions":{"code":"FORCE_LOGOUT","description":{"accept":"*/*","accept-encoding":"gzip, deflate, br, zstd","accept-language":"en,th;q=0.9","apollo-require-preflight":"true","authorization":"Bearer U2FsdGVkX1+Mory6ZhiwhT8Gp2+BVRZvtQLEqYHqD17ZjuTNMfsbj06V3sUjXXsQ","cache-control":"no-cache","connection":"keep-alive","content-length":"82","content-type":"application/json","custom-authorization":"Bearer U2FsdGVkX1+Mory6ZhiwhT8Gp2+BVRZvtQLEqYHqD17ZjuTNMfsbj06V3sUjXXsQ","custom-location":"{\"pathname\":\"/administrator/product\",\"search\":\"\",\"hash\":\"\",\"state\":null,\"key\":\"60ow8kty\"}","custom-x":"--1-- U2FsdGVkX1+Mory6ZhiwhT8Gp2+BVRZvtQLEqYHqD17ZjuTNMfsbj06V3sUjXXsQ","host":"localhost:1984","origin":"http://localhost:5173","pragma":"no-cache","referer":"http://localhost:5173/","sec-ch-ua":"\"Chromium\";v=\"128\", \"Not;A=Brand\";v=\"24\", \"Google Chrome\";v=\"128\"","sec-ch-ua-mobile":"?0","sec-ch-ua-platform":"\"macOS\"","sec-fetch-dest":"empty","sec-fetch-mode":"cors","sec-fetch-site":"same-site","user-agent":"Mozilla/5.0 (Macintosh; Intel Mac OS X 10_15_7) AppleWebKit/537.36 (KHTML, like Gecko) Chrome/128.0.0.0 Safari/537.36"}},"host":"localhost:1984","origin":"http://localhost:5173","pragma":"no-cache","referer":"http://localhost:5173/","sec-ch-ua":"\"Chromium\";v=\"128\", \"Not;A=Brand\";v=\"24\", \"Google Chrome\";v=\"128\"","sec-ch-ua-mobile":"?0","sec-ch-ua-platform":"\"macOS\"","sec-fetch-dest":"empty","sec-fetch-mode":"cors","sec-fetch-site":"same-site","user-agent":"Mozilla/5.0 (Macintosh; Intel Mac OS X 10_15_7) AppleWebKit/537.36 (KHTML, like Gecko) Chrome/128.0.0.0 Safari/537.36"}},"locations":[{"column":3,"line":2}],"message":"Expired!","path":["members"]},"level":"error","message":"Error: Expired!"}
{"err":{"extensions":{"code":"FORCE_LOGOUT","description":{"accept":"*/*","accept-encoding":"gzip, deflate, br, zstd","accept-language":"en,th;q=0.9","apollo-require-preflight":"true","authorization":"Bearer U2FsdGVkX1+Mory6ZhiwhT8Gp2+BVRZvtQLEqYHqD17ZjuTNMfsbj06V3sUjXXsQ","cache-control":"no-cache","connection":"keep-alive","content-length":"82","content-type":"application/json","custom-authorization":"Bearer U2FsdGVkX1+Mory6ZhiwhT8Gp2+BVRZvtQLEqYHqD17ZjuTNMfsbj06V3sUjXXsQ","custom-location":"{\"pathname\":\"/administrator/product\",\"search\":\"\",\"hash\":\"\",\"state\":null,\"key\":\"60ow8kty\"}","custom-x":"--1-- U2FsdGVkX1+Mory6ZhiwhT8Gp2+BVRZvtQLEqYHqD17ZjuTNMfsbj06V3sUjXXsQ","extensions":{"code":"FORCE_LOGOUT","description":{"accept":"*/*","accept-encoding":"gzip, deflate, br, zstd","accept-language":"en,th;q=0.9","apollo-require-preflight":"true","authorization":"Bearer U2FsdGVkX1+Mory6ZhiwhT8Gp2+BVRZvtQLEqYHqD17ZjuTNMfsbj06V3sUjXXsQ","cache-control":"no-cache","connection":"keep-alive","content-length":"82","content-type":"application/json","custom-authorization":"Bearer U2FsdGVkX1+Mory6ZhiwhT8Gp2+BVRZvtQLEqYHqD17ZjuTNMfsbj06V3sUjXXsQ","custom-location":"{\"pathname\":\"/administrator/product\",\"search\":\"\",\"hash\":\"\",\"state\":null,\"key\":\"60ow8kty\"}","custom-x":"--1-- U2FsdGVkX1+Mory6ZhiwhT8Gp2+BVRZvtQLEqYHqD17ZjuTNMfsbj06V3sUjXXsQ","host":"localhost:1984","origin":"http://localhost:5173","pragma":"no-cache","referer":"http://localhost:5173/","sec-ch-ua":"\"Chromium\";v=\"128\", \"Not;A=Brand\";v=\"24\", \"Google Chrome\";v=\"128\"","sec-ch-ua-mobile":"?0","sec-ch-ua-platform":"\"macOS\"","sec-fetch-dest":"empty","sec-fetch-mode":"cors","sec-fetch-site":"same-site","user-agent":"Mozilla/5.0 (Macintosh; Intel Mac OS X 10_15_7) AppleWebKit/537.36 (KHTML, like Gecko) Chrome/128.0.0.0 Safari/537.36"}},"host":"localhost:1984","origin":"http://localhost:5173","pragma":"no-cache","referer":"http://localhost:5173/","sec-ch-ua":"\"Chromium\";v=\"128\", \"Not;A=Brand\";v=\"24\", \"Google Chrome\";v=\"128\"","sec-ch-ua-mobile":"?0","sec-ch-ua-platform":"\"macOS\"","sec-fetch-dest":"empty","sec-fetch-mode":"cors","sec-fetch-site":"same-site","user-agent":"Mozilla/5.0 (Macintosh; Intel Mac OS X 10_15_7) AppleWebKit/537.36 (KHTML, like Gecko) Chrome/128.0.0.0 Safari/537.36"}},"locations":[{"column":3,"line":2}],"message":"Expired!","path":["members"]},"level":"error","message":"Error: Expired!"}
{"err":{"extensions":{"code":"FORCE_LOGOUT","description":{"accept":"*/*","accept-encoding":"gzip, deflate, br, zstd","accept-language":"en,th;q=0.9","apollo-require-preflight":"true","authorization":"Bearer U2FsdGVkX1+Mory6ZhiwhT8Gp2+BVRZvtQLEqYHqD17ZjuTNMfsbj06V3sUjXXsQ","cache-control":"no-cache","connection":"keep-alive","content-length":"82","content-type":"application/json","custom-authorization":"Bearer U2FsdGVkX1+Mory6ZhiwhT8Gp2+BVRZvtQLEqYHqD17ZjuTNMfsbj06V3sUjXXsQ","custom-location":"{\"pathname\":\"/administrator/product\",\"search\":\"\",\"hash\":\"\",\"state\":null,\"key\":\"60ow8kty\"}","custom-x":"--1-- U2FsdGVkX1+Mory6ZhiwhT8Gp2+BVRZvtQLEqYHqD17ZjuTNMfsbj06V3sUjXXsQ","extensions":{"code":"FORCE_LOGOUT","description":{"accept":"*/*","accept-encoding":"gzip, deflate, br, zstd","accept-language":"en,th;q=0.9","apollo-require-preflight":"true","authorization":"Bearer U2FsdGVkX1+Mory6ZhiwhT8Gp2+BVRZvtQLEqYHqD17ZjuTNMfsbj06V3sUjXXsQ","cache-control":"no-cache","connection":"keep-alive","content-length":"82","content-type":"application/json","custom-authorization":"Bearer U2FsdGVkX1+Mory6ZhiwhT8Gp2+BVRZvtQLEqYHqD17ZjuTNMfsbj06V3sUjXXsQ","custom-location":"{\"pathname\":\"/administrator/product\",\"search\":\"\",\"hash\":\"\",\"state\":null,\"key\":\"60ow8kty\"}","custom-x":"--1-- U2FsdGVkX1+Mory6ZhiwhT8Gp2+BVRZvtQLEqYHqD17ZjuTNMfsbj06V3sUjXXsQ","host":"localhost:1984","origin":"http://localhost:5173","pragma":"no-cache","referer":"http://localhost:5173/","sec-ch-ua":"\"Chromium\";v=\"128\", \"Not;A=Brand\";v=\"24\", \"Google Chrome\";v=\"128\"","sec-ch-ua-mobile":"?0","sec-ch-ua-platform":"\"macOS\"","sec-fetch-dest":"empty","sec-fetch-mode":"cors","sec-fetch-site":"same-site","user-agent":"Mozilla/5.0 (Macintosh; Intel Mac OS X 10_15_7) AppleWebKit/537.36 (KHTML, like Gecko) Chrome/128.0.0.0 Safari/537.36"}},"host":"localhost:1984","origin":"http://localhost:5173","pragma":"no-cache","referer":"http://localhost:5173/","sec-ch-ua":"\"Chromium\";v=\"128\", \"Not;A=Brand\";v=\"24\", \"Google Chrome\";v=\"128\"","sec-ch-ua-mobile":"?0","sec-ch-ua-platform":"\"macOS\"","sec-fetch-dest":"empty","sec-fetch-mode":"cors","sec-fetch-site":"same-site","user-agent":"Mozilla/5.0 (Macintosh; Intel Mac OS X 10_15_7) AppleWebKit/537.36 (KHTML, like Gecko) Chrome/128.0.0.0 Safari/537.36"}},"locations":[{"column":3,"line":2}],"message":"Expired!","path":["members"]},"level":"error","message":"Error: Expired!"}
{"level":"info","message":"Successfully : Connected to database!"}
{"level":"info","message":"Successfully : Connected to database!"}
{"level":"info","message":"Successfully : Connected to database!"}
{"level":"info","message":"Successfully : Connected to database!"}
{"level":"info","message":"Successfully : Connected to database!"}
{"level":"info","message":"Successfully : Connected to database!"}
{"level":"info","message":"Successfully : Connected to database!"}
{"level":"info","message":"Successfully : Connected to database!"}
{"level":"info","message":"Successfully : Connected to database!"}
{"level":"info","message":"Successfully : Connected to database!"}
{"level":"info","message":"Successfully : Connected to database!"}
{"level":"info","message":"Successfully : Connected to database!"}
{"level":"info","message":"Successfully : Connected to database!"}
{"level":"info","message":"Successfully : Connected to database!"}
{"level":"info","message":"Successfully : Connected to database!"}
{"level":"info","message":"Successfully : Connected to database!"}
{"level":"info","message":"Successfully : Connected to database!"}
{"level":"info","message":"Successfully : Connected to database!"}
{"level":"info","message":"Successfully : Connected to database!"}
{"level":"info","message":"Successfully : Connected to database!"}
{"level":"info","message":"Successfully : Connected to database!"}
{"err":{"extensions":{"code":"GRAPHQL_VALIDATION_FAILED","http":{"headers":{},"status":400}},"locations":[{"column":3,"line":2}],"message":"Cannot query field \"mutation_product\" on type \"Mutation\"."},"level":"error","message":"Error: Cannot query field \"mutation_product\" on type \"Mutation\"."}
{"level":"info","message":"Successfully : Connected to database!"}
{"level":"info","message":"Successfully : Connected to database!"}
{"level":"info","message":"Successfully : Connected to database!"}
{"level":"info","message":"Successfully : Connected to database!"}
{"err":{"locations":[{"column":3,"line":2}],"message":"Cannot read properties of undefined (reading 'createReadStream')","path":["product"]},"level":"error","message":"Error: Cannot read properties of undefined (reading 'createReadStream')"}
{"level":"info","message":"Successfully : Connected to database!"}
{"err":{"locations":[{"column":3,"line":2}],"message":"Cannot read properties of undefined (reading 'createReadStream')","path":["product"]},"level":"error","message":"Error: Cannot read properties of undefined (reading 'createReadStream')"}
{"err":{"locations":[{"column":3,"line":2}],"message":"Unexpected error value: \"Failed to save data to MongoDB: file validation failed: userId: User-ID is a required field\"","path":["product"]},"level":"error","message":"Error: Unexpected error value: \"Failed to save data to MongoDB: file validation failed: userId: User-ID is a required field\""}
{"level":"info","message":"Successfully : Connected to database!"}
{"level":"info","message":"Successfully : Connected to database!"}
{"level":"info","message":"Successfully : Connected to database!"}
{"level":"info","message":"Successfully : Connected to database!"}
{"level":"info","message":"Successfully : Connected to database!"}
{"level":"info","message":"Successfully : Connected to database!"}
{"level":"info","message":"Successfully : Connected to database!"}
{"err":{"extensions":{"code":"ERROR","description":{}},"locations":[{"column":3,"line":2}],"message":"Failed to save data to MongoDB: Model.File.insertOne is not a function","path":["product"]},"level":"error","message":"Error: Failed to save data to MongoDB: Model.File.insertOne is not a function"}
{"level":"info","message":"Successfully : Connected to database!"}
{"err":{"extensions":{"code":"ERROR","description":{}},"locations":[{"column":3,"line":2}],"message":"Failed to save data to MongoDB: Model.File.insertOne is not a function","path":["product"]},"level":"error","message":"Error: Failed to save data to MongoDB: Model.File.insertOne is not a function"}
{"level":"info","message":"Successfully : Connected to database!"}
{"err":{"extensions":{"code":"ERROR","description":{}},"locations":[{"column":3,"line":2}],"message":"Failed to save data to MongoDB: Model.File.insertOne is not a function","path":["product"]},"level":"error","message":"Error: Failed to save data to MongoDB: Model.File.insertOne is not a function"}
{"level":"info","message":"Successfully : Connected to database!"}
{"level":"info","message":"Successfully : Connected to database!"}
{"err":{"extensions":{"code":"ERROR","description":{}},"locations":[{"column":3,"line":2}],"message":"Failed to save data to MongoDB: Model.File.insertOne is not a function","path":["product"]},"level":"error","message":"Error: Failed to save data to MongoDB: Model.File.insertOne is not a function"}
{"err":{"extensions":{"code":"ERROR","description":{}},"locations":[{"column":3,"line":2}],"message":"Failed to save data to MongoDB: Model.File.insertOne is not a function","path":["product"]},"level":"error","message":"Error: Failed to save data to MongoDB: Model.File.insertOne is not a function"}
{"level":"info","message":"Successfully : Connected to database!"}
{"level":"info","message":"Successfully : Connected to database!"}
{"level":"info","message":"Successfully : Connected to database!"}
{"level":"info","message":"Successfully : Connected to database!"}
{"level":"info","message":"Successfully : Connected to database!"}
{"level":"info","message":"Successfully : Connected to database!"}
{"level":"info","message":"Successfully : Connected to database!"}
{"err":{"extensions":{"code":"ERROR","description":{}},"locations":[{"column":3,"line":2}],"message":"ValidationError: images.0.userId: User-ID is a required field, images.1.userId: User-ID is a required field, images.2.userId: User-ID is a required field","path":["product"]},"level":"error","message":"Error: ValidationError: images.0.userId: User-ID is a required field, images.1.userId: User-ID is a required field, images.2.userId: User-ID is a required field"}
{"level":"info","message":"Successfully : Connected to database!"}
{"err":{"extensions":{"code":"ERROR","description":{}},"locations":[{"column":3,"line":2}],"message":"ValidationError: images.0.userId: User-ID is a required field, images.1.userId: User-ID is a required field, images.2.userId: User-ID is a required field","path":["product"]},"level":"error","message":"Error: ValidationError: images.0.userId: User-ID is a required field, images.1.userId: User-ID is a required field, images.2.userId: User-ID is a required field"}
{"level":"info","message":"Successfully : Connected to database!"}
{"level":"info","message":"Successfully : Connected to database!"}
{"level":"info","message":"Successfully : Connected to database!"}
{"level":"info","message":"Successfully : Connected to database!"}
{"level":"info","message":"Successfully : Connected to database!"}
{"level":"info","message":"Successfully : Connected to database!"}
{"level":"info","message":"Successfully : Connected to database!"}
{"level":"info","message":"Successfully : Connected to database!"}
{"level":"info","message":"Successfully : Connected to database!"}
{"level":"info","message":"Successfully : Connected to database!"}
{"level":"info","message":"Successfully : Connected to database!"}
{"level":"info","message":"Successfully : Connected to database!"}
{"level":"info","message":"Successfully : Connected to database!"}
{"err":{"extensions":{"code":"BAD_USER_INPUT"},"locations":[{"column":15,"line":1}],"message":"Variable \"$id\" of required type \"ID!\" was not provided."},"level":"error","message":"Error: Variable \"$id\" of required type \"ID!\" was not provided."}
{"err":{"extensions":{"code":"BAD_USER_INPUT"},"locations":[{"column":15,"line":1}],"message":"Variable \"$id\" of required type \"ID!\" was not provided."},"level":"error","message":"Error: Variable \"$id\" of required type \"ID!\" was not provided."}
{"err":{"extensions":{"code":"BAD_USER_INPUT"},"locations":[{"column":15,"line":1}],"message":"Variable \"$id\" of required type \"ID!\" was not provided."},"level":"error","message":"Error: Variable \"$id\" of required type \"ID!\" was not provided."}
{"err":{"extensions":{"code":"BAD_USER_INPUT"},"locations":[{"column":15,"line":1}],"message":"Variable \"$id\" of required type \"ID!\" was not provided."},"level":"error","message":"Error: Variable \"$id\" of required type \"ID!\" was not provided."}
{"err":{"extensions":{"code":"BAD_USER_INPUT"},"locations":[{"column":15,"line":1}],"message":"Variable \"$id\" of required type \"ID!\" was not provided."},"level":"error","message":"Error: Variable \"$id\" of required type \"ID!\" was not provided."}
{"level":"info","message":"Successfully : Connected to database!"}
{"err":{"extensions":{"code":"BAD_USER_INPUT"},"locations":[{"column":15,"line":1}],"message":"Variable \"$id\" of required type \"ID!\" was not provided."},"level":"error","message":"Error: Variable \"$id\" of required type \"ID!\" was not provided."}
{"level":"info","message":"Successfully : Connected to database!"}
{"err":{"extensions":{"code":"BAD_USER_INPUT"},"locations":[{"column":15,"line":1}],"message":"Variable \"$id\" of required type \"ID!\" was not provided."},"level":"error","message":"Error: Variable \"$id\" of required type \"ID!\" was not provided."}
{"err":{"extensions":{"code":"BAD_USER_INPUT"},"locations":[{"column":15,"line":1}],"message":"Variable \"$id\" of required type \"ID!\" was not provided."},"level":"error","message":"Error: Variable \"$id\" of required type \"ID!\" was not provided."}
{"err":{"extensions":{"code":"BAD_USER_INPUT"},"locations":[{"column":15,"line":1}],"message":"Variable \"$id\" of required type \"ID!\" was not provided."},"level":"error","message":"Error: Variable \"$id\" of required type \"ID!\" was not provided."}
{"err":{"extensions":{"code":"BAD_USER_INPUT"},"locations":[{"column":15,"line":1}],"message":"Variable \"$id\" of required type \"ID!\" was not provided."},"level":"error","message":"Error: Variable \"$id\" of required type \"ID!\" was not provided."}
{"err":{"extensions":{"code":"BAD_USER_INPUT"},"locations":[{"column":15,"line":1}],"message":"Variable \"$id\" of required type \"ID!\" was not provided."},"level":"error","message":"Error: Variable \"$id\" of required type \"ID!\" was not provided."}
{"err":{"extensions":{"code":"BAD_USER_INPUT"},"locations":[{"column":15,"line":1}],"message":"Variable \"$id\" of required type \"ID!\" was not provided."},"level":"error","message":"Error: Variable \"$id\" of required type \"ID!\" was not provided."}
{"err":{"extensions":{"code":"BAD_USER_INPUT"},"locations":[{"column":15,"line":1}],"message":"Variable \"$id\" of required type \"ID!\" was not provided."},"level":"error","message":"Error: Variable \"$id\" of required type \"ID!\" was not provided."}
{"err":{"extensions":{"code":"BAD_USER_INPUT"},"locations":[{"column":15,"line":1}],"message":"Variable \"$id\" of required type \"ID!\" was not provided."},"level":"error","message":"Error: Variable \"$id\" of required type \"ID!\" was not provided."}
{"err":{"extensions":{"code":"BAD_USER_INPUT"},"locations":[{"column":15,"line":1}],"message":"Variable \"$id\" of required type \"ID!\" was not provided."},"level":"error","message":"Error: Variable \"$id\" of required type \"ID!\" was not provided."}
{"err":{"extensions":{"code":"BAD_USER_INPUT"},"locations":[{"column":15,"line":1}],"message":"Variable \"$id\" of required type \"ID!\" was not provided."},"level":"error","message":"Error: Variable \"$id\" of required type \"ID!\" was not provided."}
{"err":{"extensions":{"code":"BAD_USER_INPUT"},"locations":[{"column":15,"line":1}],"message":"Variable \"$id\" of required type \"ID!\" was not provided."},"level":"error","message":"Error: Variable \"$id\" of required type \"ID!\" was not provided."}
{"err":{"extensions":{"code":"BAD_USER_INPUT"},"locations":[{"column":15,"line":1}],"message":"Variable \"$id\" of required type \"ID!\" was not provided."},"level":"error","message":"Error: Variable \"$id\" of required type \"ID!\" was not provided."}
{"level":"info","message":"Successfully : Connected to database!"}
{"err":{"extensions":{"code":"BAD_USER_INPUT"},"locations":[{"column":15,"line":1}],"message":"Variable \"$id\" of required type \"ID!\" was not provided."},"level":"error","message":"Error: Variable \"$id\" of required type \"ID!\" was not provided."}
{"level":"info","message":"Successfully : Connected to database!"}
{"err":{"extensions":{"code":"BAD_USER_INPUT"},"locations":[{"column":15,"line":1}],"message":"Variable \"$id\" of required type \"ID!\" was not provided."},"level":"error","message":"Error: Variable \"$id\" of required type \"ID!\" was not provided."}
{"err":{"extensions":{"code":"BAD_USER_INPUT"},"locations":[{"column":15,"line":1}],"message":"Variable \"$id\" of required type \"ID!\" was not provided."},"level":"error","message":"Error: Variable \"$id\" of required type \"ID!\" was not provided."}
{"err":{"extensions":{"code":"BAD_USER_INPUT"},"locations":[{"column":15,"line":1}],"message":"Variable \"$id\" of required type \"ID!\" was not provided."},"level":"error","message":"Error: Variable \"$id\" of required type \"ID!\" was not provided."}
{"err":{"extensions":{"code":"BAD_USER_INPUT"},"locations":[{"column":15,"line":1}],"message":"Variable \"$id\" of required type \"ID!\" was not provided."},"level":"error","message":"Error: Variable \"$id\" of required type \"ID!\" was not provided."}
{"err":{"extensions":{"code":"BAD_USER_INPUT"},"locations":[{"column":15,"line":1}],"message":"Variable \"$id\" of required type \"ID!\" was not provided."},"level":"error","message":"Error: Variable \"$id\" of required type \"ID!\" was not provided."}
{"err":{"extensions":{"code":"BAD_USER_INPUT"},"locations":[{"column":15,"line":1}],"message":"Variable \"$id\" of required type \"ID!\" was not provided."},"level":"error","message":"Error: Variable \"$id\" of required type \"ID!\" was not provided."}
{"err":{"extensions":{"code":"BAD_USER_INPUT"},"locations":[{"column":15,"line":1}],"message":"Variable \"$id\" of required type \"ID!\" was not provided."},"level":"error","message":"Error: Variable \"$id\" of required type \"ID!\" was not provided."}
{"err":{"extensions":{"code":"BAD_USER_INPUT"},"locations":[{"column":15,"line":1}],"message":"Variable \"$id\" of required type \"ID!\" was not provided."},"level":"error","message":"Error: Variable \"$id\" of required type \"ID!\" was not provided."}
{"err":{"extensions":{"code":"BAD_USER_INPUT"},"locations":[{"column":15,"line":1}],"message":"Variable \"$id\" of required type \"ID!\" was not provided."},"level":"error","message":"Error: Variable \"$id\" of required type \"ID!\" was not provided."}
{"err":{"extensions":{"code":"BAD_USER_INPUT"},"locations":[{"column":15,"line":1}],"message":"Variable \"$id\" of required type \"ID!\" was not provided."},"level":"error","message":"Error: Variable \"$id\" of required type \"ID!\" was not provided."}
{"err":{"extensions":{"code":"BAD_USER_INPUT"},"locations":[{"column":15,"line":1}],"message":"Variable \"$id\" of required type \"ID!\" was not provided."},"level":"error","message":"Error: Variable \"$id\" of required type \"ID!\" was not provided."}
{"err":{"extensions":{"code":"BAD_USER_INPUT"},"locations":[{"column":15,"line":1}],"message":"Variable \"$id\" of required type \"ID!\" was not provided."},"level":"error","message":"Error: Variable \"$id\" of required type \"ID!\" was not provided."}
{"err":{"extensions":{"code":"BAD_USER_INPUT"},"locations":[{"column":15,"line":1}],"message":"Variable \"$id\" of required type \"ID!\" was not provided."},"level":"error","message":"Error: Variable \"$id\" of required type \"ID!\" was not provided."}
{"err":{"extensions":{"code":"BAD_USER_INPUT"},"locations":[{"column":15,"line":1}],"message":"Variable \"$id\" of required type \"ID!\" was not provided."},"level":"error","message":"Error: Variable \"$id\" of required type \"ID!\" was not provided."}
{"err":{"extensions":{"code":"BAD_USER_INPUT"},"locations":[{"column":15,"line":1}],"message":"Variable \"$id\" of required type \"ID!\" was not provided."},"level":"error","message":"Error: Variable \"$id\" of required type \"ID!\" was not provided."}
{"err":{"extensions":{"code":"BAD_USER_INPUT"},"locations":[{"column":15,"line":1}],"message":"Variable \"$id\" of required type \"ID!\" was not provided."},"level":"error","message":"Error: Variable \"$id\" of required type \"ID!\" was not provided."}
{"err":{"extensions":{"code":"BAD_USER_INPUT"},"locations":[{"column":15,"line":1}],"message":"Variable \"$id\" of required type \"ID!\" was not provided."},"level":"error","message":"Error: Variable \"$id\" of required type \"ID!\" was not provided."}
{"err":{"extensions":{"code":"BAD_USER_INPUT"},"locations":[{"column":15,"line":1}],"message":"Variable \"$id\" of required type \"ID!\" was not provided."},"level":"error","message":"Error: Variable \"$id\" of required type \"ID!\" was not provided."}
{"err":{"extensions":{"code":"BAD_USER_INPUT"},"locations":[{"column":15,"line":1}],"message":"Variable \"$id\" of required type \"ID!\" was not provided."},"level":"error","message":"Error: Variable \"$id\" of required type \"ID!\" was not provided."}
{"err":{"extensions":{"code":"BAD_USER_INPUT"},"locations":[{"column":15,"line":1}],"message":"Variable \"$id\" of required type \"ID!\" was not provided."},"level":"error","message":"Error: Variable \"$id\" of required type \"ID!\" was not provided."}
{"err":{"extensions":{"code":"BAD_USER_INPUT"},"locations":[{"column":15,"line":1}],"message":"Variable \"$id\" of required type \"ID!\" was not provided."},"level":"error","message":"Error: Variable \"$id\" of required type \"ID!\" was not provided."}
{"err":{"extensions":{"code":"BAD_USER_INPUT"},"locations":[{"column":15,"line":1}],"message":"Variable \"$id\" of required type \"ID!\" was not provided."},"level":"error","message":"Error: Variable \"$id\" of required type \"ID!\" was not provided."}
{"err":{"extensions":{"code":"BAD_USER_INPUT"},"locations":[{"column":15,"line":1}],"message":"Variable \"$id\" of required type \"ID!\" was not provided."},"level":"error","message":"Error: Variable \"$id\" of required type \"ID!\" was not provided."}
{"err":{"extensions":{"code":"BAD_USER_INPUT"},"locations":[{"column":15,"line":1}],"message":"Variable \"$id\" of required type \"ID!\" was not provided."},"level":"error","message":"Error: Variable \"$id\" of required type \"ID!\" was not provided."}
{"err":{"extensions":{"code":"BAD_USER_INPUT"},"locations":[{"column":15,"line":1}],"message":"Variable \"$id\" of required type \"ID!\" was not provided."},"level":"error","message":"Error: Variable \"$id\" of required type \"ID!\" was not provided."}
{"err":{"extensions":{"code":"BAD_USER_INPUT"},"locations":[{"column":15,"line":1}],"message":"Variable \"$id\" of required type \"ID!\" was not provided."},"level":"error","message":"Error: Variable \"$id\" of required type \"ID!\" was not provided."}
{"err":{"extensions":{"code":"BAD_USER_INPUT"},"locations":[{"column":15,"line":1}],"message":"Variable \"$id\" of required type \"ID!\" was not provided."},"level":"error","message":"Error: Variable \"$id\" of required type \"ID!\" was not provided."}
{"err":{"extensions":{"code":"BAD_USER_INPUT"},"locations":[{"column":15,"line":1}],"message":"Variable \"$id\" of required type \"ID!\" was not provided."},"level":"error","message":"Error: Variable \"$id\" of required type \"ID!\" was not provided."}
{"err":{"extensions":{"code":"BAD_USER_INPUT"},"locations":[{"column":15,"line":1}],"message":"Variable \"$id\" of required type \"ID!\" was not provided."},"level":"error","message":"Error: Variable \"$id\" of required type \"ID!\" was not provided."}
{"err":{"extensions":{"code":"BAD_USER_INPUT"},"locations":[{"column":15,"line":1}],"message":"Variable \"$id\" of required type \"ID!\" was not provided."},"level":"error","message":"Error: Variable \"$id\" of required type \"ID!\" was not provided."}
{"err":{"extensions":{"code":"BAD_USER_INPUT"},"locations":[{"column":15,"line":1}],"message":"Variable \"$id\" of required type \"ID!\" was not provided."},"level":"error","message":"Error: Variable \"$id\" of required type \"ID!\" was not provided."}
{"err":{"extensions":{"code":"BAD_USER_INPUT"},"locations":[{"column":15,"line":1}],"message":"Variable \"$id\" of required type \"ID!\" was not provided."},"level":"error","message":"Error: Variable \"$id\" of required type \"ID!\" was not provided."}
{"err":{"extensions":{"code":"BAD_USER_INPUT"},"locations":[{"column":15,"line":1}],"message":"Variable \"$id\" of required type \"ID!\" was not provided."},"level":"error","message":"Error: Variable \"$id\" of required type \"ID!\" was not provided."}
{"err":{"extensions":{"code":"BAD_USER_INPUT"},"locations":[{"column":15,"line":1}],"message":"Variable \"$id\" of required type \"ID!\" was not provided."},"level":"error","message":"Error: Variable \"$id\" of required type \"ID!\" was not provided."}
{"err":{"extensions":{"code":"BAD_USER_INPUT"},"locations":[{"column":15,"line":1}],"message":"Variable \"$id\" of required type \"ID!\" was not provided."},"level":"error","message":"Error: Variable \"$id\" of required type \"ID!\" was not provided."}
{"err":{"extensions":{"code":"BAD_USER_INPUT"},"locations":[{"column":15,"line":1}],"message":"Variable \"$id\" of required type \"ID!\" was not provided."},"level":"error","message":"Error: Variable \"$id\" of required type \"ID!\" was not provided."}
{"err":{"extensions":{"code":"BAD_USER_INPUT"},"locations":[{"column":15,"line":1}],"message":"Variable \"$id\" of required type \"ID!\" was not provided."},"level":"error","message":"Error: Variable \"$id\" of required type \"ID!\" was not provided."}
{"err":{"extensions":{"code":"BAD_USER_INPUT"},"locations":[{"column":15,"line":1}],"message":"Variable \"$id\" of required type \"ID!\" was not provided."},"level":"error","message":"Error: Variable \"$id\" of required type \"ID!\" was not provided."}
{"err":{"extensions":{"code":"BAD_USER_INPUT"},"locations":[{"column":15,"line":1}],"message":"Variable \"$id\" of required type \"ID!\" was not provided."},"level":"error","message":"Error: Variable \"$id\" of required type \"ID!\" was not provided."}
{"err":{"extensions":{"code":"BAD_USER_INPUT"},"locations":[{"column":15,"line":1}],"message":"Variable \"$id\" of required type \"ID!\" was not provided."},"level":"error","message":"Error: Variable \"$id\" of required type \"ID!\" was not provided."}
{"err":{"extensions":{"code":"BAD_USER_INPUT"},"locations":[{"column":15,"line":1}],"message":"Variable \"$id\" of required type \"ID!\" was not provided."},"level":"error","message":"Error: Variable \"$id\" of required type \"ID!\" was not provided."}
{"err":{"extensions":{"code":"BAD_USER_INPUT"},"locations":[{"column":15,"line":1}],"message":"Variable \"$id\" of required type \"ID!\" was not provided."},"level":"error","message":"Error: Variable \"$id\" of required type \"ID!\" was not provided."}
{"err":{"extensions":{"code":"BAD_USER_INPUT"},"locations":[{"column":15,"line":1}],"message":"Variable \"$id\" of required type \"ID!\" was not provided."},"level":"error","message":"Error: Variable \"$id\" of required type \"ID!\" was not provided."}
{"level":"info","message":"Successfully : Connected to database!"}
{"err":{"extensions":{"code":"BAD_USER_INPUT"},"locations":[{"column":15,"line":1}],"message":"Variable \"$id\" of required type \"ID!\" was not provided."},"level":"error","message":"Error: Variable \"$id\" of required type \"ID!\" was not provided."}
{"err":{"extensions":{"code":"BAD_USER_INPUT"},"locations":[{"column":15,"line":1}],"message":"Variable \"$id\" of required type \"ID!\" was not provided."},"level":"error","message":"Error: Variable \"$id\" of required type \"ID!\" was not provided."}
{"err":{"extensions":{"code":"BAD_USER_INPUT"},"locations":[{"column":15,"line":1}],"message":"Variable \"$id\" of required type \"ID!\" was not provided."},"level":"error","message":"Error: Variable \"$id\" of required type \"ID!\" was not provided."}
{"err":{"extensions":{"code":"BAD_USER_INPUT"},"locations":[{"column":15,"line":1}],"message":"Variable \"$id\" of required type \"ID!\" was not provided."},"level":"error","message":"Error: Variable \"$id\" of required type \"ID!\" was not provided."}
{"err":{"extensions":{"code":"BAD_USER_INPUT"},"locations":[{"column":15,"line":1}],"message":"Variable \"$id\" of required type \"ID!\" was not provided."},"level":"error","message":"Error: Variable \"$id\" of required type \"ID!\" was not provided."}
{"err":{"extensions":{"code":"BAD_USER_INPUT"},"locations":[{"column":15,"line":1}],"message":"Variable \"$id\" of required type \"ID!\" was not provided."},"level":"error","message":"Error: Variable \"$id\" of required type \"ID!\" was not provided."}
{"err":{"extensions":{"code":"BAD_USER_INPUT"},"locations":[{"column":15,"line":1}],"message":"Variable \"$id\" of required type \"ID!\" was not provided."},"level":"error","message":"Error: Variable \"$id\" of required type \"ID!\" was not provided."}
{"err":{"extensions":{"code":"BAD_USER_INPUT"},"locations":[{"column":15,"line":1}],"message":"Variable \"$id\" of required type \"ID!\" was not provided."},"level":"error","message":"Error: Variable \"$id\" of required type \"ID!\" was not provided."}
{"err":{"extensions":{"code":"BAD_USER_INPUT"},"locations":[{"column":15,"line":1}],"message":"Variable \"$id\" of required type \"ID!\" was not provided."},"level":"error","message":"Error: Variable \"$id\" of required type \"ID!\" was not provided."}
{"err":{"extensions":{"code":"BAD_USER_INPUT"},"locations":[{"column":15,"line":1}],"message":"Variable \"$id\" of required type \"ID!\" was not provided."},"level":"error","message":"Error: Variable \"$id\" of required type \"ID!\" was not provided."}
{"err":{"extensions":{"code":"BAD_USER_INPUT"},"locations":[{"column":15,"line":1}],"message":"Variable \"$id\" of required type \"ID!\" was not provided."},"level":"error","message":"Error: Variable \"$id\" of required type \"ID!\" was not provided."}
{"err":{"extensions":{"code":"BAD_USER_INPUT"},"locations":[{"column":15,"line":1}],"message":"Variable \"$id\" of required type \"ID!\" was not provided."},"level":"error","message":"Error: Variable \"$id\" of required type \"ID!\" was not provided."}
{"err":{"extensions":{"code":"BAD_USER_INPUT"},"locations":[{"column":15,"line":1}],"message":"Variable \"$id\" of required type \"ID!\" was not provided."},"level":"error","message":"Error: Variable \"$id\" of required type \"ID!\" was not provided."}
{"err":{"extensions":{"code":"BAD_USER_INPUT"},"locations":[{"column":15,"line":1}],"message":"Variable \"$id\" of required type \"ID!\" was not provided."},"level":"error","message":"Error: Variable \"$id\" of required type \"ID!\" was not provided."}
{"err":{"extensions":{"code":"BAD_USER_INPUT"},"locations":[{"column":15,"line":1}],"message":"Variable \"$id\" of required type \"ID!\" was not provided."},"level":"error","message":"Error: Variable \"$id\" of required type \"ID!\" was not provided."}
{"err":{"extensions":{"code":"BAD_USER_INPUT"},"locations":[{"column":15,"line":1}],"message":"Variable \"$id\" of required type \"ID!\" was not provided."},"level":"error","message":"Error: Variable \"$id\" of required type \"ID!\" was not provided."}
{"err":{"extensions":{"code":"BAD_USER_INPUT"},"locations":[{"column":15,"line":1}],"message":"Variable \"$id\" of required type \"ID!\" was not provided."},"level":"error","message":"Error: Variable \"$id\" of required type \"ID!\" was not provided."}
{"err":{"extensions":{"code":"BAD_USER_INPUT"},"locations":[{"column":15,"line":1}],"message":"Variable \"$id\" of required type \"ID!\" was not provided."},"level":"error","message":"Error: Variable \"$id\" of required type \"ID!\" was not provided."}
{"err":{"extensions":{"code":"BAD_USER_INPUT"},"locations":[{"column":15,"line":1}],"message":"Variable \"$id\" of required type \"ID!\" was not provided."},"level":"error","message":"Error: Variable \"$id\" of required type \"ID!\" was not provided."}
{"level":"info","message":"Successfully : Connected to database!"}
{"level":"info","message":"Successfully : Connected to database!"}
{"level":"info","message":"Successfully : Connected to database!"}
{"level":"info","message":"Successfully : Connected to database!"}
{"level":"info","message":"Successfully : Connected to database!"}
{"err":{"extensions":{"code":"BAD_USER_INPUT"},"locations":[{"column":15,"line":1}],"message":"Variable \"$id\" of required type \"ID!\" was not provided."},"level":"error","message":"Error: Variable \"$id\" of required type \"ID!\" was not provided."}
{"ipAddress":"127.0.0.1","level":"error","message":"TypeError: \"newFiles\" is read-only","userAgent":"no-user-agent","username":{"__v":0,"_id":"66c4b084cd538705b46a616b","createdAt":"2024-08-20T15:04:36.071Z","current":{"displayName":"ADMIN","email":"admin@local.local","idCard":"0000000000000","isActive":0,"lastAccess":"2024-09-17T04:38:06.959Z","lockAccount":{"date":"2024-08-20T15:04:36.052Z","lock":false},"packages":1,"parentId":null,"password":"U2FsdGVkX1/tX2XjitjiX98eef5WL/FdUZ2NcsYhHDlCHFHyeXxwScgZr7STEMZF","roles":[1],"tel":"0000000000","username":"admin"},"history":[],"updatedAt":"2024-09-17T04:38:06.991Z"}}
{"err":{"extensions":{"code":"BAD_USER_INPUT"},"locations":[{"column":15,"line":1}],"message":"Variable \"$id\" of required type \"ID!\" was not provided."},"level":"error","message":"Error: Variable \"$id\" of required type \"ID!\" was not provided."}
{"ipAddress":"127.0.0.1","level":"error","message":"TypeError: \"newFiles\" is read-only","userAgent":"no-user-agent","username":{"__v":0,"_id":"66c4b084cd538705b46a616b","createdAt":"2024-08-20T15:04:36.071Z","current":{"displayName":"ADMIN","email":"admin@local.local","idCard":"0000000000000","isActive":0,"lastAccess":"2024-09-17T04:38:06.959Z","lockAccount":{"date":"2024-08-20T15:04:36.052Z","lock":false},"packages":1,"parentId":null,"password":"U2FsdGVkX1/tX2XjitjiX98eef5WL/FdUZ2NcsYhHDlCHFHyeXxwScgZr7STEMZF","roles":[1],"tel":"0000000000","username":"admin"},"history":[],"updatedAt":"2024-09-17T04:38:06.991Z"}}
{"err":{"extensions":{"code":"BAD_USER_INPUT"},"locations":[{"column":15,"line":1}],"message":"Variable \"$id\" of required type \"ID!\" was not provided."},"level":"error","message":"Error: Variable \"$id\" of required type \"ID!\" was not provided."}
{"err":{"extensions":{"code":"BAD_USER_INPUT"},"locations":[{"column":15,"line":1}],"message":"Variable \"$id\" of required type \"ID!\" was not provided."},"level":"error","message":"Error: Variable \"$id\" of required type \"ID!\" was not provided."}
{"ipAddress":"127.0.0.1","level":"error","message":"TypeError: \"newFiles\" is read-only","userAgent":"no-user-agent","username":{"__v":0,"_id":"66c4b084cd538705b46a616b","createdAt":"2024-08-20T15:04:36.071Z","current":{"displayName":"ADMIN","email":"admin@local.local","idCard":"0000000000000","isActive":0,"lastAccess":"2024-09-17T04:38:06.959Z","lockAccount":{"date":"2024-08-20T15:04:36.052Z","lock":false},"packages":1,"parentId":null,"password":"U2FsdGVkX1/tX2XjitjiX98eef5WL/FdUZ2NcsYhHDlCHFHyeXxwScgZr7STEMZF","roles":[1],"tel":"0000000000","username":"admin"},"history":[],"updatedAt":"2024-09-17T04:38:06.991Z"}}
{"ipAddress":"127.0.0.1","level":"error","message":"TypeError: \"newFiles\" is read-only","userAgent":"no-user-agent","username":{"__v":0,"_id":"66c4b084cd538705b46a616b","createdAt":"2024-08-20T15:04:36.071Z","current":{"displayName":"ADMIN","email":"admin@local.local","idCard":"0000000000000","isActive":0,"lastAccess":"2024-09-17T04:38:06.959Z","lockAccount":{"date":"2024-08-20T15:04:36.052Z","lock":false},"packages":1,"parentId":null,"password":"U2FsdGVkX1/tX2XjitjiX98eef5WL/FdUZ2NcsYhHDlCHFHyeXxwScgZr7STEMZF","roles":[1],"tel":"0000000000","username":"admin"},"history":[],"updatedAt":"2024-09-17T04:38:06.991Z"}}
{"ipAddress":"127.0.0.1","level":"error","message":"TypeError: \"newFiles\" is read-only","userAgent":"no-user-agent","username":{"__v":0,"_id":"66c4b084cd538705b46a616b","createdAt":"2024-08-20T15:04:36.071Z","current":{"displayName":"ADMIN","email":"admin@local.local","idCard":"0000000000000","isActive":0,"lastAccess":"2024-09-17T04:38:06.959Z","lockAccount":{"date":"2024-08-20T15:04:36.052Z","lock":false},"packages":1,"parentId":null,"password":"U2FsdGVkX1/tX2XjitjiX98eef5WL/FdUZ2NcsYhHDlCHFHyeXxwScgZr7STEMZF","roles":[1],"tel":"0000000000","username":"admin"},"history":[],"updatedAt":"2024-09-17T04:38:06.991Z"}}
{"level":"info","message":"Successfully : Connected to database!"}
{"level":"info","message":"Successfully : Connected to database!"}
{"err":{"extensions":{"code":"BAD_USER_INPUT"},"locations":[{"column":15,"line":1}],"message":"Variable \"$id\" of required type \"ID!\" was not provided."},"level":"error","message":"Error: Variable \"$id\" of required type \"ID!\" was not provided."}
{"ipAddress":"127.0.0.1","level":"error","message":"TypeError: \"newFiles\" is read-only","userAgent":"no-user-agent","username":{"__v":0,"_id":"66c4b084cd538705b46a616b","createdAt":"2024-08-20T15:04:36.071Z","current":{"displayName":"ADMIN","email":"admin@local.local","idCard":"0000000000000","isActive":0,"lastAccess":"2024-09-17T04:38:06.959Z","lockAccount":{"date":"2024-08-20T15:04:36.052Z","lock":false},"packages":1,"parentId":null,"password":"U2FsdGVkX1/tX2XjitjiX98eef5WL/FdUZ2NcsYhHDlCHFHyeXxwScgZr7STEMZF","roles":[1],"tel":"0000000000","username":"admin"},"history":[],"updatedAt":"2024-09-17T04:38:06.991Z"}}
{"ipAddress":"127.0.0.1","level":"error","message":"TypeError: \"newFiles\" is read-only","userAgent":"no-user-agent","username":{"__v":0,"_id":"66c4b084cd538705b46a616b","createdAt":"2024-08-20T15:04:36.071Z","current":{"displayName":"ADMIN","email":"admin@local.local","idCard":"0000000000000","isActive":0,"lastAccess":"2024-09-17T04:38:06.959Z","lockAccount":{"date":"2024-08-20T15:04:36.052Z","lock":false},"packages":1,"parentId":null,"password":"U2FsdGVkX1/tX2XjitjiX98eef5WL/FdUZ2NcsYhHDlCHFHyeXxwScgZr7STEMZF","roles":[1],"tel":"0000000000","username":"admin"},"history":[],"updatedAt":"2024-09-17T04:38:06.991Z"}}
{"ipAddress":"127.0.0.1","level":"error","message":"TypeError: \"newFiles\" is read-only","userAgent":"no-user-agent","username":{"__v":0,"_id":"66c4b084cd538705b46a616b","createdAt":"2024-08-20T15:04:36.071Z","current":{"displayName":"ADMIN","email":"admin@local.local","idCard":"0000000000000","isActive":0,"lastAccess":"2024-09-17T04:38:06.959Z","lockAccount":{"date":"2024-08-20T15:04:36.052Z","lock":false},"packages":1,"parentId":null,"password":"U2FsdGVkX1/tX2XjitjiX98eef5WL/FdUZ2NcsYhHDlCHFHyeXxwScgZr7STEMZF","roles":[1],"tel":"0000000000","username":"admin"},"history":[],"updatedAt":"2024-09-17T04:38:06.991Z"}}
{"ipAddress":"127.0.0.1","level":"error","message":"TypeError: \"newFiles\" is read-only","userAgent":"no-user-agent","username":{"__v":0,"_id":"66c4b084cd538705b46a616b","createdAt":"2024-08-20T15:04:36.071Z","current":{"displayName":"ADMIN","email":"admin@local.local","idCard":"0000000000000","isActive":0,"lastAccess":"2024-09-17T04:38:06.959Z","lockAccount":{"date":"2024-08-20T15:04:36.052Z","lock":false},"packages":1,"parentId":null,"password":"U2FsdGVkX1/tX2XjitjiX98eef5WL/FdUZ2NcsYhHDlCHFHyeXxwScgZr7STEMZF","roles":[1],"tel":"0000000000","username":"admin"},"history":[],"updatedAt":"2024-09-17T04:38:06.991Z"}}
{"level":"info","message":"Successfully : Connected to database!"}
{"err":{"extensions":{"code":"BAD_USER_INPUT"},"locations":[{"column":15,"line":1}],"message":"Variable \"$id\" of required type \"ID!\" was not provided."},"level":"error","message":"Error: Variable \"$id\" of required type \"ID!\" was not provided."}
{"ipAddress":"127.0.0.1","level":"error","message":"TypeError: \"newFiles\" is read-only","userAgent":"no-user-agent","username":{"__v":0,"_id":"66c4b084cd538705b46a616b","createdAt":"2024-08-20T15:04:36.071Z","current":{"displayName":"ADMIN","email":"admin@local.local","idCard":"0000000000000","isActive":0,"lastAccess":"2024-09-17T04:38:06.959Z","lockAccount":{"date":"2024-08-20T15:04:36.052Z","lock":false},"packages":1,"parentId":null,"password":"U2FsdGVkX1/tX2XjitjiX98eef5WL/FdUZ2NcsYhHDlCHFHyeXxwScgZr7STEMZF","roles":[1],"tel":"0000000000","username":"admin"},"history":[],"updatedAt":"2024-09-17T04:38:06.991Z"}}
{"ipAddress":"127.0.0.1","level":"error","message":"TypeError: \"newFiles\" is read-only","userAgent":"no-user-agent","username":{"__v":0,"_id":"66c4b084cd538705b46a616b","createdAt":"2024-08-20T15:04:36.071Z","current":{"displayName":"ADMIN","email":"admin@local.local","idCard":"0000000000000","isActive":0,"lastAccess":"2024-09-17T04:38:06.959Z","lockAccount":{"date":"2024-08-20T15:04:36.052Z","lock":false},"packages":1,"parentId":null,"password":"U2FsdGVkX1/tX2XjitjiX98eef5WL/FdUZ2NcsYhHDlCHFHyeXxwScgZr7STEMZF","roles":[1],"tel":"0000000000","username":"admin"},"history":[],"updatedAt":"2024-09-17T04:38:06.991Z"}}
{"ipAddress":"127.0.0.1","level":"error","message":"TypeError: \"newFiles\" is read-only","userAgent":"no-user-agent","username":{"__v":0,"_id":"66c4b084cd538705b46a616b","createdAt":"2024-08-20T15:04:36.071Z","current":{"displayName":"ADMIN","email":"admin@local.local","idCard":"0000000000000","isActive":0,"lastAccess":"2024-09-17T04:38:06.959Z","lockAccount":{"date":"2024-08-20T15:04:36.052Z","lock":false},"packages":1,"parentId":null,"password":"U2FsdGVkX1/tX2XjitjiX98eef5WL/FdUZ2NcsYhHDlCHFHyeXxwScgZr7STEMZF","roles":[1],"tel":"0000000000","username":"admin"},"history":[],"updatedAt":"2024-09-17T04:38:06.991Z"}}
{"ipAddress":"127.0.0.1","level":"error","message":"TypeError: \"newFiles\" is read-only","userAgent":"no-user-agent","username":{"__v":0,"_id":"66c4b084cd538705b46a616b","createdAt":"2024-08-20T15:04:36.071Z","current":{"displayName":"ADMIN","email":"admin@local.local","idCard":"0000000000000","isActive":0,"lastAccess":"2024-09-17T04:38:06.959Z","lockAccount":{"date":"2024-08-20T15:04:36.052Z","lock":false},"packages":1,"parentId":null,"password":"U2FsdGVkX1/tX2XjitjiX98eef5WL/FdUZ2NcsYhHDlCHFHyeXxwScgZr7STEMZF","roles":[1],"tel":"0000000000","username":"admin"},"history":[],"updatedAt":"2024-09-17T04:38:06.991Z"}}
{"level":"info","message":"Successfully : Connected to database!"}
{"err":{"extensions":{"code":"BAD_USER_INPUT"},"locations":[{"column":15,"line":1}],"message":"Variable \"$id\" of required type \"ID!\" was not provided."},"level":"error","message":"Error: Variable \"$id\" of required type \"ID!\" was not provided."}
{"ipAddress":"127.0.0.1","level":"error","message":{"code":"ENOENT","errno":-2,"info":"utils/index.js:2","path":"/app/uploads/qrcode___1726562191105.png","syscall":"unlink"},"userAgent":"no-user-agent","username":{"__v":0,"_id":"66c4b084cd538705b46a616b","createdAt":"2024-08-20T15:04:36.071Z","current":{"displayName":"ADMIN","email":"admin@local.local","idCard":"0000000000000","isActive":0,"lastAccess":"2024-09-17T04:38:06.959Z","lockAccount":{"date":"2024-08-20T15:04:36.052Z","lock":false},"packages":1,"parentId":null,"password":"U2FsdGVkX1/tX2XjitjiX98eef5WL/FdUZ2NcsYhHDlCHFHyeXxwScgZr7STEMZF","roles":[1],"tel":"0000000000","username":"admin"},"history":[],"updatedAt":"2024-09-17T04:38:06.991Z"}}
{"level":"info","message":"Successfully : Connected to database!"}
{"err":{"extensions":{"code":"BAD_USER_INPUT"},"locations":[{"column":15,"line":1}],"message":"Variable \"$id\" of required type \"ID!\" was not provided."},"level":"error","message":"Error: Variable \"$id\" of required type \"ID!\" was not provided."}
{"ipAddress":"127.0.0.1","level":"error","message":{"code":"ENOENT","errno":-2,"info":"utils/index.js:2","path":"/app/uploads/qrcode___1726562191105.png","syscall":"unlink"},"userAgent":"no-user-agent","username":{"__v":0,"_id":"66c4b084cd538705b46a616b","createdAt":"2024-08-20T15:04:36.071Z","current":{"displayName":"ADMIN","email":"admin@local.local","idCard":"0000000000000","isActive":0,"lastAccess":"2024-09-17T04:38:06.959Z","lockAccount":{"date":"2024-08-20T15:04:36.052Z","lock":false},"packages":1,"parentId":null,"password":"U2FsdGVkX1/tX2XjitjiX98eef5WL/FdUZ2NcsYhHDlCHFHyeXxwScgZr7STEMZF","roles":[1],"tel":"0000000000","username":"admin"},"history":[],"updatedAt":"2024-09-17T04:38:06.991Z"}}
{"level":"info","message":"Successfully : Connected to database!"}
{"level":"info","message":"Successfully : Connected to database!"}
{"ipAddress":"127.0.0.1","level":"error","message":{"code":"ENOENT","errno":-2,"info":"utils/index.js:2","path":"/app/uploads/qrcode___1726562191105.png","syscall":"unlink"},"userAgent":"no-user-agent","username":{"__v":0,"_id":"66c4b084cd538705b46a616b","createdAt":"2024-08-20T15:04:36.071Z","current":{"displayName":"ADMIN","email":"admin@local.local","idCard":"0000000000000","isActive":0,"lastAccess":"2024-09-17T04:38:06.959Z","lockAccount":{"date":"2024-08-20T15:04:36.052Z","lock":false},"packages":1,"parentId":null,"password":"U2FsdGVkX1/tX2XjitjiX98eef5WL/FdUZ2NcsYhHDlCHFHyeXxwScgZr7STEMZF","roles":[1],"tel":"0000000000","username":"admin"},"history":[],"updatedAt":"2024-09-17T04:38:06.991Z"}}
{"level":"info","message":"Successfully : Connected to database!"}
{"level":"info","message":"Successfully : Connected to database!"}
{"err":{"extensions":{"code":"BAD_USER_INPUT"},"locations":[{"column":15,"line":1}],"message":"Variable \"$id\" of required type \"ID!\" was not provided."},"level":"error","message":"Error: Variable \"$id\" of required type \"ID!\" was not provided."}
{"ipAddress":"127.0.0.1","level":"error","message":{"code":"ENOENT","errno":-2,"info":"utils/index.js:2","path":"/app/uploads/qrcode___1726562191105.png","syscall":"unlink"},"userAgent":"no-user-agent","username":{"__v":0,"_id":"66c4b084cd538705b46a616b","createdAt":"2024-08-20T15:04:36.071Z","current":{"displayName":"ADMIN","email":"admin@local.local","idCard":"0000000000000","isActive":0,"lastAccess":"2024-09-17T04:38:06.959Z","lockAccount":{"date":"2024-08-20T15:04:36.052Z","lock":false},"packages":1,"parentId":null,"password":"U2FsdGVkX1/tX2XjitjiX98eef5WL/FdUZ2NcsYhHDlCHFHyeXxwScgZr7STEMZF","roles":[1],"tel":"0000000000","username":"admin"},"history":[],"updatedAt":"2024-09-17T04:38:06.991Z"}}
{"err":{"extensions":{"code":"BAD_USER_INPUT"},"locations":[{"column":15,"line":1}],"message":"Variable \"$id\" of required type \"ID!\" was not provided."},"level":"error","message":"Error: Variable \"$id\" of required type \"ID!\" was not provided."}
{"ipAddress":"127.0.0.1","level":"error","message":{"code":"ENOENT","errno":-2,"info":"utils/index.js:2","path":"/app/uploads/S__________1726578314325.jpg","syscall":"unlink"},"userAgent":"no-user-agent","username":{"__v":0,"_id":"66c4b084cd538705b46a616b","createdAt":"2024-08-20T15:04:36.071Z","current":{"displayName":"ADMIN","email":"admin@local.local","idCard":"0000000000000","isActive":0,"lastAccess":"2024-09-17T04:38:06.959Z","lockAccount":{"date":"2024-08-20T15:04:36.052Z","lock":false},"packages":1,"parentId":null,"password":"U2FsdGVkX1/tX2XjitjiX98eef5WL/FdUZ2NcsYhHDlCHFHyeXxwScgZr7STEMZF","roles":[1],"tel":"0000000000","username":"admin"},"history":[],"updatedAt":"2024-09-17T04:38:06.991Z"}}
{"level":"info","message":"Successfully : Connected to database!"}
{"err":{"extensions":{"code":"BAD_USER_INPUT"},"locations":[{"column":15,"line":1}],"message":"Variable \"$id\" of required type \"ID!\" was not provided."},"level":"error","message":"Error: Variable \"$id\" of required type \"ID!\" was not provided."}
{"ipAddress":"127.0.0.1","level":"error","message":{"code":"ENOENT","errno":-2,"info":"utils/index.js:2","path":"/app/uploads/S__________1726578314325.jpg","syscall":"unlink"},"userAgent":"no-user-agent","username":{"__v":0,"_id":"66c4b084cd538705b46a616b","createdAt":"2024-08-20T15:04:36.071Z","current":{"displayName":"ADMIN","email":"admin@local.local","idCard":"0000000000000","isActive":0,"lastAccess":"2024-09-17T04:38:06.959Z","lockAccount":{"date":"2024-08-20T15:04:36.052Z","lock":false},"packages":1,"parentId":null,"password":"U2FsdGVkX1/tX2XjitjiX98eef5WL/FdUZ2NcsYhHDlCHFHyeXxwScgZr7STEMZF","roles":[1],"tel":"0000000000","username":"admin"},"history":[],"updatedAt":"2024-09-17T04:38:06.991Z"}}
{"level":"info","message":"Successfully : Connected to database!"}
{"ipAddress":"127.0.0.1","level":"error","message":{"code":"ENOENT","errno":-2,"info":"utils/index.js:2","path":"/app/uploads/S__________1726578314325.jpg","syscall":"unlink"},"userAgent":"no-user-agent","username":{"__v":0,"_id":"66c4b084cd538705b46a616b","createdAt":"2024-08-20T15:04:36.071Z","current":{"displayName":"ADMIN","email":"admin@local.local","idCard":"0000000000000","isActive":0,"lastAccess":"2024-09-17T04:38:06.959Z","lockAccount":{"date":"2024-08-20T15:04:36.052Z","lock":false},"packages":1,"parentId":null,"password":"U2FsdGVkX1/tX2XjitjiX98eef5WL/FdUZ2NcsYhHDlCHFHyeXxwScgZr7STEMZF","roles":[1],"tel":"0000000000","username":"admin"},"history":[],"updatedAt":"2024-09-17T04:38:06.991Z"}}
{"err":{"extensions":{"code":"BAD_USER_INPUT"},"locations":[{"column":15,"line":1}],"message":"Variable \"$id\" of required type \"ID!\" was not provided."},"level":"error","message":"Error: Variable \"$id\" of required type \"ID!\" was not provided."}
{"err":{"extensions":{"code":"BAD_USER_INPUT"},"locations":[{"column":15,"line":1}],"message":"Variable \"$id\" of required type \"ID!\" was not provided."},"level":"error","message":"Error: Variable \"$id\" of required type \"ID!\" was not provided."}
{"err":{"extensions":{"code":"BAD_USER_INPUT"},"locations":[{"column":15,"line":1}],"message":"Variable \"$id\" of required type \"ID!\" was not provided."},"level":"error","message":"Error: Variable \"$id\" of required type \"ID!\" was not provided."}
{"err":{"extensions":{"code":"BAD_USER_INPUT"},"locations":[{"column":15,"line":1}],"message":"Variable \"$id\" of required type \"ID!\" was not provided."},"level":"error","message":"Error: Variable \"$id\" of required type \"ID!\" was not provided."}
{"err":{"extensions":{"code":"BAD_USER_INPUT"},"locations":[{"column":15,"line":1}],"message":"Variable \"$id\" of required type \"ID!\" was not provided."},"level":"error","message":"Error: Variable \"$id\" of required type \"ID!\" was not provided."}
{"ipAddress":"127.0.0.1","level":"error","message":{"code":"ENOENT","errno":-2,"info":"utils/index.js:2","path":"/app/uploads/______1726562191055.jpg","syscall":"unlink"},"userAgent":"no-user-agent","username":{"__v":0,"_id":"66c4b084cd538705b46a616b","createdAt":"2024-08-20T15:04:36.071Z","current":{"displayName":"ADMIN","email":"admin@local.local","idCard":"0000000000000","isActive":0,"lastAccess":"2024-09-17T04:38:06.959Z","lockAccount":{"date":"2024-08-20T15:04:36.052Z","lock":false},"packages":1,"parentId":null,"password":"U2FsdGVkX1/tX2XjitjiX98eef5WL/FdUZ2NcsYhHDlCHFHyeXxwScgZr7STEMZF","roles":[1],"tel":"0000000000","username":"admin"},"history":[],"updatedAt":"2024-09-17T04:38:06.991Z"}}
{"ipAddress":"127.0.0.1","level":"error","message":{"code":"ENOENT","errno":-2,"info":"utils/index.js:2","path":"/app/uploads/qrcode___1726562191105.png","syscall":"unlink"},"userAgent":"no-user-agent","username":{"__v":0,"_id":"66c4b084cd538705b46a616b","createdAt":"2024-08-20T15:04:36.071Z","current":{"displayName":"ADMIN","email":"admin@local.local","idCard":"0000000000000","isActive":0,"lastAccess":"2024-09-17T04:38:06.959Z","lockAccount":{"date":"2024-08-20T15:04:36.052Z","lock":false},"packages":1,"parentId":null,"password":"U2FsdGVkX1/tX2XjitjiX98eef5WL/FdUZ2NcsYhHDlCHFHyeXxwScgZr7STEMZF","roles":[1],"tel":"0000000000","username":"admin"},"history":[],"updatedAt":"2024-09-17T04:38:06.991Z"}}
{"err":{"extensions":{"code":"BAD_USER_INPUT"},"locations":[{"column":15,"line":1}],"message":"Variable \"$id\" of required type \"ID!\" was not provided."},"level":"error","message":"Error: Variable \"$id\" of required type \"ID!\" was not provided."}
{"err":{"extensions":{"code":"BAD_USER_INPUT"},"locations":[{"column":15,"line":1}],"message":"Variable \"$id\" of required type \"ID!\" was not provided."},"level":"error","message":"Error: Variable \"$id\" of required type \"ID!\" was not provided."}
{"err":{"extensions":{"code":"BAD_USER_INPUT"},"locations":[{"column":15,"line":1}],"message":"Variable \"$id\" of required type \"ID!\" was not provided."},"level":"error","message":"Error: Variable \"$id\" of required type \"ID!\" was not provided."}
{"err":{"extensions":{"code":"BAD_USER_INPUT"},"locations":[{"column":15,"line":1}],"message":"Variable \"$id\" of required type \"ID!\" was not provided."},"level":"error","message":"Error: Variable \"$id\" of required type \"ID!\" was not provided."}
{"err":{"extensions":{"code":"BAD_USER_INPUT"},"locations":[{"column":15,"line":1}],"message":"Variable \"$id\" of required type \"ID!\" was not provided."},"level":"error","message":"Error: Variable \"$id\" of required type \"ID!\" was not provided."}
{"err":{"extensions":{"code":"BAD_USER_INPUT"},"locations":[{"column":15,"line":1}],"message":"Variable \"$id\" of required type \"ID!\" was not provided."},"level":"error","message":"Error: Variable \"$id\" of required type \"ID!\" was not provided."}
{"err":{"extensions":{"code":"BAD_USER_INPUT"},"locations":[{"column":15,"line":1}],"message":"Variable \"$id\" of required type \"ID!\" was not provided."},"level":"error","message":"Error: Variable \"$id\" of required type \"ID!\" was not provided."}
{"err":{"extensions":{"code":"BAD_USER_INPUT"},"locations":[{"column":15,"line":1}],"message":"Variable \"$id\" of required type \"ID!\" was not provided."},"level":"error","message":"Error: Variable \"$id\" of required type \"ID!\" was not provided."}
{"err":{"extensions":{"code":"BAD_USER_INPUT"},"locations":[{"column":15,"line":1}],"message":"Variable \"$id\" of required type \"ID!\" was not provided."},"level":"error","message":"Error: Variable \"$id\" of required type \"ID!\" was not provided."}
{"err":{"extensions":{"code":"BAD_USER_INPUT"},"locations":[{"column":15,"line":1}],"message":"Variable \"$id\" of required type \"ID!\" was not provided."},"level":"error","message":"Error: Variable \"$id\" of required type \"ID!\" was not provided."}
{"err":{"extensions":{"code":"BAD_USER_INPUT"},"locations":[{"column":15,"line":1}],"message":"Variable \"$id\" of required type \"ID!\" was not provided."},"level":"error","message":"Error: Variable \"$id\" of required type \"ID!\" was not provided."}
{"err":{"extensions":{"code":"BAD_USER_INPUT"},"locations":[{"column":15,"line":1}],"message":"Variable \"$id\" of required type \"ID!\" was not provided."},"level":"error","message":"Error: Variable \"$id\" of required type \"ID!\" was not provided."}
{"err":{"extensions":{"code":"BAD_USER_INPUT"},"locations":[{"column":15,"line":1}],"message":"Variable \"$id\" of required type \"ID!\" was not provided."},"level":"error","message":"Error: Variable \"$id\" of required type \"ID!\" was not provided."}
{"err":{"extensions":{"code":"BAD_USER_INPUT"},"locations":[{"column":15,"line":1}],"message":"Variable \"$id\" of required type \"ID!\" was not provided."},"level":"error","message":"Error: Variable \"$id\" of required type \"ID!\" was not provided."}
{"err":{"extensions":{"code":"BAD_USER_INPUT"},"locations":[{"column":15,"line":1}],"message":"Variable \"$id\" of required type \"ID!\" was not provided."},"level":"error","message":"Error: Variable \"$id\" of required type \"ID!\" was not provided."}
{"err":{"extensions":{"code":"BAD_USER_INPUT"},"locations":[{"column":15,"line":1}],"message":"Variable \"$id\" of required type \"ID!\" was not provided."},"level":"error","message":"Error: Variable \"$id\" of required type \"ID!\" was not provided."}
{"err":{"extensions":{"code":"BAD_USER_INPUT"},"locations":[{"column":15,"line":1}],"message":"Variable \"$id\" of required type \"ID!\" was not provided."},"level":"error","message":"Error: Variable \"$id\" of required type \"ID!\" was not provided."}
{"err":{"extensions":{"code":"BAD_USER_INPUT"},"locations":[{"column":15,"line":1}],"message":"Variable \"$id\" of required type \"ID!\" was not provided."},"level":"error","message":"Error: Variable \"$id\" of required type \"ID!\" was not provided."}
{"err":{"extensions":{"code":"BAD_USER_INPUT"},"locations":[{"column":15,"line":1}],"message":"Variable \"$id\" of required type \"ID!\" was not provided."},"level":"error","message":"Error: Variable \"$id\" of required type \"ID!\" was not provided."}
{"err":{"extensions":{"code":"BAD_USER_INPUT"},"locations":[{"column":15,"line":1}],"message":"Variable \"$id\" of required type \"ID!\" was not provided."},"level":"error","message":"Error: Variable \"$id\" of required type \"ID!\" was not provided."}
{"err":{"extensions":{"code":"BAD_USER_INPUT"},"locations":[{"column":15,"line":1}],"message":"Variable \"$id\" of required type \"ID!\" was not provided."},"level":"error","message":"Error: Variable \"$id\" of required type \"ID!\" was not provided."}
{"err":{"extensions":{"code":"BAD_USER_INPUT"},"locations":[{"column":15,"line":1}],"message":"Variable \"$id\" of required type \"ID!\" was not provided."},"level":"error","message":"Error: Variable \"$id\" of required type \"ID!\" was not provided."}
{"err":{"extensions":{"code":"BAD_USER_INPUT"},"locations":[{"column":15,"line":1}],"message":"Variable \"$id\" of required type \"ID!\" was not provided."},"level":"error","message":"Error: Variable \"$id\" of required type \"ID!\" was not provided."}
{"err":{"extensions":{"code":"BAD_USER_INPUT"},"locations":[{"column":15,"line":1}],"message":"Variable \"$id\" of required type \"ID!\" was not provided."},"level":"error","message":"Error: Variable \"$id\" of required type \"ID!\" was not provided."}
{"err":{"extensions":{"code":"BAD_USER_INPUT"},"locations":[{"column":15,"line":1}],"message":"Variable \"$id\" of required type \"ID!\" was not provided."},"level":"error","message":"Error: Variable \"$id\" of required type \"ID!\" was not provided."}
{"err":{"extensions":{"code":"BAD_USER_INPUT"},"locations":[{"column":15,"line":1}],"message":"Variable \"$id\" of required type \"ID!\" was not provided."},"level":"error","message":"Error: Variable \"$id\" of required type \"ID!\" was not provided."}
{"err":{"extensions":{"code":"BAD_USER_INPUT"},"locations":[{"column":15,"line":1}],"message":"Variable \"$id\" of required type \"ID!\" was not provided."},"level":"error","message":"Error: Variable \"$id\" of required type \"ID!\" was not provided."}
{"level":"info","message":"Successfully : Connected to database!"}
{"err":{"extensions":{"code":"BAD_USER_INPUT"},"locations":[{"column":15,"line":1}],"message":"Variable \"$id\" of required type \"ID!\" was not provided."},"level":"error","message":"Error: Variable \"$id\" of required type \"ID!\" was not provided."}
{"err":{"extensions":{"code":"BAD_USER_INPUT"},"locations":[{"column":15,"line":1}],"message":"Variable \"$id\" of required type \"ID!\" was not provided."},"level":"error","message":"Error: Variable \"$id\" of required type \"ID!\" was not provided."}
{"err":{"extensions":{"code":"BAD_USER_INPUT"},"locations":[{"column":15,"line":1}],"message":"Variable \"$id\" of required type \"ID!\" was not provided."},"level":"error","message":"Error: Variable \"$id\" of required type \"ID!\" was not provided."}
{"err":{"extensions":{"code":"BAD_USER_INPUT"},"locations":[{"column":15,"line":1}],"message":"Variable \"$id\" of required type \"ID!\" was not provided."},"level":"error","message":"Error: Variable \"$id\" of required type \"ID!\" was not provided."}
{"err":{"extensions":{"code":"BAD_USER_INPUT"},"locations":[{"column":15,"line":1}],"message":"Variable \"$id\" of required type \"ID!\" was not provided."},"level":"error","message":"Error: Variable \"$id\" of required type \"ID!\" was not provided."}
{"err":{"extensions":{"code":"BAD_USER_INPUT"},"locations":[{"column":15,"line":1}],"message":"Variable \"$id\" of required type \"ID!\" was not provided."},"level":"error","message":"Error: Variable \"$id\" of required type \"ID!\" was not provided."}
{"level":"info","message":"Successfully : Connected to database!"}
{"level":"info","message":"Successfully : Connected to database!"}
{"err":{"extensions":{"code":"BAD_USER_INPUT"},"locations":[{"column":15,"line":1}],"message":"Variable \"$id\" of required type \"ID!\" was not provided."},"level":"error","message":"Error: Variable \"$id\" of required type \"ID!\" was not provided."}
{"err":{"extensions":{"code":"BAD_USER_INPUT"},"locations":[{"column":15,"line":1}],"message":"Variable \"$id\" of required type \"ID!\" was not provided."},"level":"error","message":"Error: Variable \"$id\" of required type \"ID!\" was not provided."}
{"err":{"extensions":{"code":"BAD_USER_INPUT"},"locations":[{"column":15,"line":1}],"message":"Variable \"$id\" of required type \"ID!\" was not provided."},"level":"error","message":"Error: Variable \"$id\" of required type \"ID!\" was not provided."}
{"err":{"extensions":{"code":"BAD_USER_INPUT"},"locations":[{"column":15,"line":1}],"message":"Variable \"$id\" of required type \"ID!\" was not provided."},"level":"error","message":"Error: Variable \"$id\" of required type \"ID!\" was not provided."}
{"err":{"extensions":{"code":"BAD_USER_INPUT"},"locations":[{"column":15,"line":1}],"message":"Variable \"$id\" of required type \"ID!\" was not provided."},"level":"error","message":"Error: Variable \"$id\" of required type \"ID!\" was not provided."}
{"err":{"extensions":{"code":"BAD_USER_INPUT"},"locations":[{"column":15,"line":1}],"message":"Variable \"$id\" of required type \"ID!\" was not provided."},"level":"error","message":"Error: Variable \"$id\" of required type \"ID!\" was not provided."}
{"err":{"extensions":{"code":"BAD_USER_INPUT"},"locations":[{"column":15,"line":1}],"message":"Variable \"$id\" of required type \"ID!\" was not provided."},"level":"error","message":"Error: Variable \"$id\" of required type \"ID!\" was not provided."}
{"err":{"extensions":{"code":"BAD_USER_INPUT"},"locations":[{"column":15,"line":1}],"message":"Variable \"$id\" of required type \"ID!\" was not provided."},"level":"error","message":"Error: Variable \"$id\" of required type \"ID!\" was not provided."}
{"err":{"extensions":{"code":"BAD_USER_INPUT"},"locations":[{"column":15,"line":1}],"message":"Variable \"$id\" of required type \"ID!\" was not provided."},"level":"error","message":"Error: Variable \"$id\" of required type \"ID!\" was not provided."}
{"err":{"extensions":{"code":"BAD_USER_INPUT"},"locations":[{"column":15,"line":1}],"message":"Variable \"$id\" of required type \"ID!\" was not provided."},"level":"error","message":"Error: Variable \"$id\" of required type \"ID!\" was not provided."}
{"err":{"extensions":{"code":"BAD_USER_INPUT"},"locations":[{"column":15,"line":1}],"message":"Variable \"$id\" of required type \"ID!\" was not provided."},"level":"error","message":"Error: Variable \"$id\" of required type \"ID!\" was not provided."}
{"err":{"extensions":{"code":"BAD_USER_INPUT"},"locations":[{"column":15,"line":1}],"message":"Variable \"$id\" of required type \"ID!\" was not provided."},"level":"error","message":"Error: Variable \"$id\" of required type \"ID!\" was not provided."}
{"err":{"extensions":{"code":"BAD_USER_INPUT"},"locations":[{"column":15,"line":1}],"message":"Variable \"$id\" of required type \"ID!\" was not provided."},"level":"error","message":"Error: Variable \"$id\" of required type \"ID!\" was not provided."}
{"err":{"extensions":{"code":"BAD_USER_INPUT"},"locations":[{"column":15,"line":1}],"message":"Variable \"$id\" of required type \"ID!\" was not provided."},"level":"error","message":"Error: Variable \"$id\" of required type \"ID!\" was not provided."}
